<?xml version="1.0" encoding="UTF-8"?>
<testsuite xmlns:xsi="http://www.w3.org/2001/XMLSchema-instance" xsi:noNamespaceSchemaLocation="https://maven.apache.org/surefire/maven-surefire-plugin/xsd/surefire-test-report-3.0.xsd" version="3.0" name="io.oth.xdsgenerator.service.cda.CDAParserTest" time="0.618" tests="4" errors="0" skipped="0" failures="0">
  <properties>
[...]
</properties>
  <testcase name="testCDA_Ex4_COPD_MODIFIED_Parser" classname="io.oth.xdsgenerator.service.cda.CDAParserTest" time="0.258">
    <system-out><![CDATA[12:00:32.897 [main] DEBUG org.springframework.test.context.BootstrapUtils - Instantiating CacheAwareContextLoaderDelegate from class [org.springframework.test.context.cache.DefaultCacheAwareContextLoaderDelegate]
12:00:32.904 [main] DEBUG org.springframework.test.context.BootstrapUtils - Instantiating BootstrapContext using constructor [public org.springframework.test.context.support.DefaultBootstrapContext(java.lang.Class,org.springframework.test.context.CacheAwareContextLoaderDelegate)]
12:00:32.917 [main] DEBUG org.springframework.test.context.BootstrapUtils - Instantiating TestContextBootstrapper for test class [io.oth.xdsgenerator.service.cda.CDAParserTest] from class [org.springframework.test.context.support.DefaultTestContextBootstrapper]
12:00:32.928 [main] DEBUG org.springframework.test.context.support.AbstractDelegatingSmartContextLoader - Delegating to AnnotationConfigContextLoader to process context configuration [ContextConfigurationAttributes@27d5a580 declaringClass = 'io.oth.xdsgenerator.service.cda.CDAParserTest', classes = '{class io.oth.xdsgenerator.service.TestConfiguration}', locations = '{}', inheritLocations = true, initializers = '{}', inheritInitializers = true, name = [null], contextLoaderClass = 'org.springframework.test.context.ContextLoader'].
12:00:32.960 [main] DEBUG org.springframework.test.context.support.ActiveProfilesUtils - Could not find an 'annotation declaring class' for annotation type [org.springframework.test.context.ActiveProfiles] and class [io.oth.xdsgenerator.service.cda.CDAParserTest]
12:00:32.960 [main] DEBUG org.springframework.test.context.support.DefaultTestContextBootstrapper - @TestExecutionListeners is not present for class [io.oth.xdsgenerator.service.cda.CDAParserTest]: using defaults.
12:00:32.961 [main] INFO org.springframework.test.context.support.DefaultTestContextBootstrapper - Loaded default TestExecutionListener class names from location [META-INF/spring.factories]: [org.springframework.boot.test.mock.mockito.MockitoTestExecutionListener, org.springframework.boot.test.mock.mockito.ResetMocksTestExecutionListener, org.springframework.boot.test.autoconfigure.restdocs.RestDocsTestExecutionListener, org.springframework.boot.test.autoconfigure.web.client.MockRestServiceServerResetTestExecutionListener, org.springframework.boot.test.autoconfigure.web.servlet.MockMvcPrintOnlyOnFailureTestExecutionListener, org.springframework.boot.test.autoconfigure.web.servlet.WebDriverTestExecutionListener, org.springframework.boot.test.autoconfigure.webservices.client.MockWebServiceServerTestExecutionListener, org.springframework.test.context.web.ServletTestExecutionListener, org.springframework.test.context.support.DirtiesContextBeforeModesTestExecutionListener, org.springframework.test.context.support.DependencyInjectionTestExecutionListener, org.springframework.test.context.support.DirtiesContextTestExecutionListener, org.springframework.test.context.transaction.TransactionalTestExecutionListener, org.springframework.test.context.jdbc.SqlScriptsTestExecutionListener, org.springframework.test.context.event.EventPublishingTestExecutionListener]
12:00:32.965 [main] DEBUG org.springframework.test.context.support.DefaultTestContextBootstrapper - Skipping candidate TestExecutionListener [org.springframework.test.context.transaction.TransactionalTestExecutionListener] due to a missing dependency. Specify custom listener classes or make the default listener classes and their required dependencies available. Offending class: [org/springframework/transaction/TransactionDefinition]
12:00:32.965 [main] DEBUG org.springframework.test.context.support.DefaultTestContextBootstrapper - Skipping candidate TestExecutionListener [org.springframework.test.context.jdbc.SqlScriptsTestExecutionListener] due to a missing dependency. Specify custom listener classes or make the default listener classes and their required dependencies available. Offending class: [org/springframework/transaction/interceptor/TransactionAttribute]
12:00:32.965 [main] INFO org.springframework.test.context.support.DefaultTestContextBootstrapper - Using TestExecutionListeners: [org.springframework.test.context.web.ServletTestExecutionListener@2c4d1ac, org.springframework.test.context.support.DirtiesContextBeforeModesTestExecutionListener@7f0d96f2, org.springframework.boot.test.mock.mockito.MockitoTestExecutionListener@545b995e, org.springframework.test.context.support.DependencyInjectionTestExecutionListener@76a2ddf3, org.springframework.test.context.support.DirtiesContextTestExecutionListener@524f3b3a, org.springframework.test.context.event.EventPublishingTestExecutionListener@41e68d87, org.springframework.boot.test.mock.mockito.ResetMocksTestExecutionListener@49ff7d8c, org.springframework.boot.test.autoconfigure.restdocs.RestDocsTestExecutionListener@29526c05, org.springframework.boot.test.autoconfigure.web.client.MockRestServiceServerResetTestExecutionListener@2ef14fe, org.springframework.boot.test.autoconfigure.web.servlet.MockMvcPrintOnlyOnFailureTestExecutionListener@77102b91, org.springframework.boot.test.autoconfigure.web.servlet.WebDriverTestExecutionListener@45312be2, org.springframework.boot.test.autoconfigure.webservices.client.MockWebServiceServerTestExecutionListener@7fb95505]
12:00:32.966 [main] DEBUG org.springframework.test.context.support.AbstractDirtiesContextTestExecutionListener - Before test class: context [DefaultTestContext@2bd08376 testClass = CDAParserTest, testInstance = [null], testMethod = [null], testException = [null], mergedContextConfiguration = [MergedContextConfiguration@e70f13a testClass = CDAParserTest, locations = '{}', classes = '{class io.oth.xdsgenerator.service.TestConfiguration}', contextInitializerClasses = '[]', activeProfiles = '{}', propertySourceLocations = '{}', propertySourceProperties = '{}', contextCustomizers = set[org.springframework.boot.test.context.filter.ExcludeFilterContextCustomizer@74a6f9c1, org.springframework.boot.test.json.DuplicateJsonObjectContextCustomizerFactory$DuplicateJsonObjectContextCustomizer@63611043, org.springframework.boot.test.mock.mockito.MockitoContextCustomizer@0, org.springframework.boot.test.autoconfigure.actuate.metrics.MetricsExportContextCustomizerFactory$DisableMetricExportContextCustomizer@5ef5c734, org.springframework.boot.test.autoconfigure.properties.PropertyMappingContextCustomizer@0, org.springframework.boot.test.autoconfigure.web.servlet.WebDriverContextCustomizerFactory$Customizer@479460a6], contextLoader = 'org.springframework.test.context.support.DelegatingSmartContextLoader', parent = [null]], attributes = map[[empty]]], class annotated with @DirtiesContext [false] with mode [null].
12:00:32.973 [main] DEBUG org.springframework.test.context.support.DependencyInjectionTestExecutionListener - Performing dependency injection for test context [[DefaultTestContext@2bd08376 testClass = CDAParserTest, testInstance = io.oth.xdsgenerator.service.cda.CDAParserTest@29a0cdb, testMethod = [null], testException = [null], mergedContextConfiguration = [MergedContextConfiguration@e70f13a testClass = CDAParserTest, locations = '{}', classes = '{class io.oth.xdsgenerator.service.TestConfiguration}', contextInitializerClasses = '[]', activeProfiles = '{}', propertySourceLocations = '{}', propertySourceProperties = '{}', contextCustomizers = set[org.springframework.boot.test.context.filter.ExcludeFilterContextCustomizer@74a6f9c1, org.springframework.boot.test.json.DuplicateJsonObjectContextCustomizerFactory$DuplicateJsonObjectContextCustomizer@63611043, org.springframework.boot.test.mock.mockito.MockitoContextCustomizer@0, org.springframework.boot.test.autoconfigure.actuate.metrics.MetricsExportContextCustomizerFactory$DisableMetricExportContextCustomizer@5ef5c734, org.springframework.boot.test.autoconfigure.properties.PropertyMappingContextCustomizer@0, org.springframework.boot.test.autoconfigure.web.servlet.WebDriverContextCustomizerFactory$Customizer@479460a6], contextLoader = 'org.springframework.test.context.support.DelegatingSmartContextLoader', parent = [null]], attributes = map[[empty]]]].
12:00:32.973 [main] DEBUG org.springframework.test.context.support.AbstractDelegatingSmartContextLoader - Delegating to AnnotationConfigContextLoader to load context from [MergedContextConfiguration@e70f13a testClass = CDAParserTest, locations = '{}', classes = '{class io.oth.xdsgenerator.service.TestConfiguration}', contextInitializerClasses = '[]', activeProfiles = '{}', propertySourceLocations = '{}', propertySourceProperties = '{}', contextCustomizers = set[org.springframework.boot.test.context.filter.ExcludeFilterContextCustomizer@74a6f9c1, org.springframework.boot.test.json.DuplicateJsonObjectContextCustomizerFactory$DuplicateJsonObjectContextCustomizer@63611043, org.springframework.boot.test.mock.mockito.MockitoContextCustomizer@0, org.springframework.boot.test.autoconfigure.actuate.metrics.MetricsExportContextCustomizerFactory$DisableMetricExportContextCustomizer@5ef5c734, org.springframework.boot.test.autoconfigure.properties.PropertyMappingContextCustomizer@0, org.springframework.boot.test.autoconfigure.web.servlet.WebDriverContextCustomizerFactory$Customizer@479460a6], contextLoader = 'org.springframework.test.context.support.DelegatingSmartContextLoader', parent = [null]].
12:00:32.973 [main] DEBUG org.springframework.test.context.support.AbstractGenericContextLoader - Loading ApplicationContext for merged context configuration [[MergedContextConfiguration@e70f13a testClass = CDAParserTest, locations = '{}', classes = '{class io.oth.xdsgenerator.service.TestConfiguration}', contextInitializerClasses = '[]', activeProfiles = '{}', propertySourceLocations = '{}', propertySourceProperties = '{}', contextCustomizers = set[org.springframework.boot.test.context.filter.ExcludeFilterContextCustomizer@74a6f9c1, org.springframework.boot.test.json.DuplicateJsonObjectContextCustomizerFactory$DuplicateJsonObjectContextCustomizer@63611043, org.springframework.boot.test.mock.mockito.MockitoContextCustomizer@0, org.springframework.boot.test.autoconfigure.actuate.metrics.MetricsExportContextCustomizerFactory$DisableMetricExportContextCustomizer@5ef5c734, org.springframework.boot.test.autoconfigure.properties.PropertyMappingContextCustomizer@0, org.springframework.boot.test.autoconfigure.web.servlet.WebDriverContextCustomizerFactory$Customizer@479460a6], contextLoader = 'org.springframework.test.context.support.DelegatingSmartContextLoader', parent = [null]]].
12:00:32.990 [main] DEBUG org.springframework.core.env.StandardEnvironment - Activating profiles []
12:00:32.990 [main] DEBUG org.springframework.test.context.support.AnnotationConfigContextLoader - Registering component classes: {class io.oth.xdsgenerator.service.TestConfiguration}
12:00:33.008 [main] DEBUG org.springframework.context.support.GenericApplicationContext - Refreshing org.springframework.context.support.GenericApplicationContext@62ef27a8
12:00:33.014 [main] DEBUG org.springframework.beans.factory.support.DefaultListableBeanFactory - Creating shared instance of singleton bean 'org.springframework.context.annotation.internalConfigurationAnnotationProcessor'
12:00:33.071 [main] DEBUG org.springframework.beans.factory.support.DefaultListableBeanFactory - Creating shared instance of singleton bean 'properties'
12:00:33.075 [main] DEBUG org.springframework.beans.factory.support.DefaultListableBeanFactory - Creating shared instance of singleton bean 'org.springframework.boot.test.mock.mockito.MockitoPostProcessor'
12:00:33.087 [main] DEBUG org.springframework.beans.factory.support.DefaultListableBeanFactory - Creating shared instance of singleton bean 'org.springframework.context.event.internalEventListenerProcessor'
12:00:33.088 [main] DEBUG org.springframework.beans.factory.support.DefaultListableBeanFactory - Creating shared instance of singleton bean 'org.springframework.context.event.internalEventListenerFactory'
12:00:33.089 [main] DEBUG org.springframework.beans.factory.support.DefaultListableBeanFactory - Creating shared instance of singleton bean 'org.springframework.context.annotation.internalAutowiredAnnotationProcessor'
12:00:33.091 [main] DEBUG org.springframework.beans.factory.support.DefaultListableBeanFactory - Creating shared instance of singleton bean 'org.springframework.context.annotation.internalCommonAnnotationProcessor'
12:00:33.094 [main] DEBUG org.springframework.beans.factory.support.DefaultListableBeanFactory - Creating shared instance of singleton bean 'org.springframework.boot.test.mock.mockito.MockitoPostProcessor$SpyPostProcessor'
12:00:33.102 [main] DEBUG org.springframework.beans.factory.support.DefaultListableBeanFactory - Creating shared instance of singleton bean 'testConfiguration'
12:00:33.118 [main] DEBUG org.springframework.beans.factory.support.DefaultListableBeanFactory - Creating shared instance of singleton bean 'kihToPhmrMappingService'
12:00:33.137 [main] DEBUG org.springframework.core.env.PropertySourcesPropertyResolver - Found key 'sor.code' in PropertySource 'localProperties' with value of type String
12:00:33.138 [main] DEBUG org.springframework.core.env.PropertySourcesPropertyResolver - Found key 'sor.name' in PropertySource 'localProperties' with value of type String
12:00:33.144 [main] INFO io.oth.xdsgenerator.service.KihToPhmrMappingService - Initialized default organisation: Organisation{code='325421000016001', name='Medcom'}
12:00:33.144 [main] DEBUG org.springframework.beans.factory.support.DefaultListableBeanFactory - Creating shared instance of singleton bean 'phmrBuilderService'
12:00:33.161 [main] DEBUG org.springframework.test.context.cache.DefaultCacheAwareContextLoaderDelegate - Storing ApplicationContext [1659840424] in cache under key [[MergedContextConfiguration@e70f13a testClass = CDAParserTest, locations = '{}', classes = '{class io.oth.xdsgenerator.service.TestConfiguration}', contextInitializerClasses = '[]', activeProfiles = '{}', propertySourceLocations = '{}', propertySourceProperties = '{}', contextCustomizers = set[org.springframework.boot.test.context.filter.ExcludeFilterContextCustomizer@74a6f9c1, org.springframework.boot.test.json.DuplicateJsonObjectContextCustomizerFactory$DuplicateJsonObjectContextCustomizer@63611043, org.springframework.boot.test.mock.mockito.MockitoContextCustomizer@0, org.springframework.boot.test.autoconfigure.actuate.metrics.MetricsExportContextCustomizerFactory$DisableMetricExportContextCustomizer@5ef5c734, org.springframework.boot.test.autoconfigure.properties.PropertyMappingContextCustomizer@0, org.springframework.boot.test.autoconfigure.web.servlet.WebDriverContextCustomizerFactory$Customizer@479460a6], contextLoader = 'org.springframework.test.context.support.DelegatingSmartContextLoader', parent = [null]]]
12:00:33.161 [main] DEBUG org.springframework.test.context.cache - Spring test ApplicationContext cache statistics: [DefaultContextCache@285f09de size = 1, maxSize = 32, parentContextCount = 0, hitCount = 0, missCount = 1]
12:00:33.164 [main] DEBUG org.springframework.test.context.cache.DefaultCacheAwareContextLoaderDelegate - Retrieved ApplicationContext [1659840424] from cache with key [[MergedContextConfiguration@e70f13a testClass = CDAParserTest, locations = '{}', classes = '{class io.oth.xdsgenerator.service.TestConfiguration}', contextInitializerClasses = '[]', activeProfiles = '{}', propertySourceLocations = '{}', propertySourceProperties = '{}', contextCustomizers = set[org.springframework.boot.test.context.filter.ExcludeFilterContextCustomizer@74a6f9c1, org.springframework.boot.test.json.DuplicateJsonObjectContextCustomizerFactory$DuplicateJsonObjectContextCustomizer@63611043, org.springframework.boot.test.mock.mockito.MockitoContextCustomizer@0, org.springframework.boot.test.autoconfigure.actuate.metrics.MetricsExportContextCustomizerFactory$DisableMetricExportContextCustomizer@5ef5c734, org.springframework.boot.test.autoconfigure.properties.PropertyMappingContextCustomizer@0, org.springframework.boot.test.autoconfigure.web.servlet.WebDriverContextCustomizerFactory$Customizer@479460a6], contextLoader = 'org.springframework.test.context.support.DelegatingSmartContextLoader', parent = [null]]]
12:00:33.164 [main] DEBUG org.springframework.test.context.cache - Spring test ApplicationContext cache statistics: [DefaultContextCache@285f09de size = 1, maxSize = 32, parentContextCount = 0, hitCount = 1, missCount = 1]
12:00:33.173 [main] DEBUG org.springframework.test.context.support.AbstractDirtiesContextTestExecutionListener - Before test method: context [DefaultTestContext@2bd08376 testClass = CDAParserTest, testInstance = io.oth.xdsgenerator.service.cda.CDAParserTest@29a0cdb, testMethod = testCDA_Ex4_COPD_MODIFIED_Parser@CDAParserTest, testException = [null], mergedContextConfiguration = [MergedContextConfiguration@e70f13a testClass = CDAParserTest, locations = '{}', classes = '{class io.oth.xdsgenerator.service.TestConfiguration}', contextInitializerClasses = '[]', activeProfiles = '{}', propertySourceLocations = '{}', propertySourceProperties = '{}', contextCustomizers = set[org.springframework.boot.test.context.filter.ExcludeFilterContextCustomizer@74a6f9c1, org.springframework.boot.test.json.DuplicateJsonObjectContextCustomizerFactory$DuplicateJsonObjectContextCustomizer@63611043, org.springframework.boot.test.mock.mockito.MockitoContextCustomizer@0, org.springframework.boot.test.autoconfigure.actuate.metrics.MetricsExportContextCustomizerFactory$DisableMetricExportContextCustomizer@5ef5c734, org.springframework.boot.test.autoconfigure.properties.PropertyMappingContextCustomizer@0, org.springframework.boot.test.autoconfigure.web.servlet.WebDriverContextCustomizerFactory$Customizer@479460a6], contextLoader = 'org.springframework.test.context.support.DelegatingSmartContextLoader', parent = [null]], attributes = map[[empty]]], class annotated with @DirtiesContext [false] with mode [null], method annotated with @DirtiesContext [false] with mode [null].
12:00:33.174 [main] DEBUG org.springframework.test.context.cache.DefaultCacheAwareContextLoaderDelegate - Retrieved ApplicationContext [1659840424] from cache with key [[MergedContextConfiguration@e70f13a testClass = CDAParserTest, locations = '{}', classes = '{class io.oth.xdsgenerator.service.TestConfiguration}', contextInitializerClasses = '[]', activeProfiles = '{}', propertySourceLocations = '{}', propertySourceProperties = '{}', contextCustomizers = set[org.springframework.boot.test.context.filter.ExcludeFilterContextCustomizer@74a6f9c1, org.springframework.boot.test.json.DuplicateJsonObjectContextCustomizerFactory$DuplicateJsonObjectContextCustomizer@63611043, org.springframework.boot.test.mock.mockito.MockitoContextCustomizer@0, org.springframework.boot.test.autoconfigure.actuate.metrics.MetricsExportContextCustomizerFactory$DisableMetricExportContextCustomizer@5ef5c734, org.springframework.boot.test.autoconfigure.properties.PropertyMappingContextCustomizer@0, org.springframework.boot.test.autoconfigure.web.servlet.WebDriverContextCustomizerFactory$Customizer@479460a6], contextLoader = 'org.springframework.test.context.support.DelegatingSmartContextLoader', parent = [null]]]
12:00:33.174 [main] DEBUG org.springframework.test.context.cache - Spring test ApplicationContext cache statistics: [DefaultContextCache@285f09de size = 1, maxSize = 32, parentContextCount = 0, hitCount = 2, missCount = 1]
12:00:33.174 [main] DEBUG org.springframework.test.context.cache.DefaultCacheAwareContextLoaderDelegate - Retrieved ApplicationContext [1659840424] from cache with key [[MergedContextConfiguration@e70f13a testClass = CDAParserTest, locations = '{}', classes = '{class io.oth.xdsgenerator.service.TestConfiguration}', contextInitializerClasses = '[]', activeProfiles = '{}', propertySourceLocations = '{}', propertySourceProperties = '{}', contextCustomizers = set[org.springframework.boot.test.context.filter.ExcludeFilterContextCustomizer@74a6f9c1, org.springframework.boot.test.json.DuplicateJsonObjectContextCustomizerFactory$DuplicateJsonObjectContextCustomizer@63611043, org.springframework.boot.test.mock.mockito.MockitoContextCustomizer@0, org.springframework.boot.test.autoconfigure.actuate.metrics.MetricsExportContextCustomizerFactory$DisableMetricExportContextCustomizer@5ef5c734, org.springframework.boot.test.autoconfigure.properties.PropertyMappingContextCustomizer@0, org.springframework.boot.test.autoconfigure.web.servlet.WebDriverContextCustomizerFactory$Customizer@479460a6], contextLoader = 'org.springframework.test.context.support.DelegatingSmartContextLoader', parent = [null]]]
12:00:33.174 [main] DEBUG org.springframework.test.context.cache - Spring test ApplicationContext cache statistics: [DefaultContextCache@285f09de size = 1, maxSize = 32, parentContextCount = 0, hitCount = 3, missCount = 1]
12:00:33.321 [main] DEBUG org.springframework.test.context.cache.DefaultCacheAwareContextLoaderDelegate - Retrieved ApplicationContext [1659840424] from cache with key [[MergedContextConfiguration@e70f13a testClass = CDAParserTest, locations = '{}', classes = '{class io.oth.xdsgenerator.service.TestConfiguration}', contextInitializerClasses = '[]', activeProfiles = '{}', propertySourceLocations = '{}', propertySourceProperties = '{}', contextCustomizers = set[org.springframework.boot.test.context.filter.ExcludeFilterContextCustomizer@74a6f9c1, org.springframework.boot.test.json.DuplicateJsonObjectContextCustomizerFactory$DuplicateJsonObjectContextCustomizer@63611043, org.springframework.boot.test.mock.mockito.MockitoContextCustomizer@0, org.springframework.boot.test.autoconfigure.actuate.metrics.MetricsExportContextCustomizerFactory$DisableMetricExportContextCustomizer@5ef5c734, org.springframework.boot.test.autoconfigure.properties.PropertyMappingContextCustomizer@0, org.springframework.boot.test.autoconfigure.web.servlet.WebDriverContextCustomizerFactory$Customizer@479460a6], contextLoader = 'org.springframework.test.context.support.DelegatingSmartContextLoader', parent = [null]]]
12:00:33.321 [main] DEBUG org.springframework.test.context.cache - Spring test ApplicationContext cache statistics: [DefaultContextCache@285f09de size = 1, maxSize = 32, parentContextCount = 0, hitCount = 4, missCount = 1]
12:00:33.322 [main] INFO io.oth.xdsgenerator.service.cda.CdaMetaDataFactory - Starting cda metadata map
12:00:33.325 [main] INFO io.oth.xdsgenerator.service.cda.CdaMetaDataFactory - Transfering metadata - null null
12:00:33.326 [main] DEBUG io.oth.xdsgenerator.service.cda.CdaMetaDataFactory - ClassCode is: io.oth.xdsgenerator.model.Code@64c4c01
12:00:33.326 [main] DEBUG io.oth.xdsgenerator.service.cda.CdaMetaDataFactory - FormatCode isio.oth.xdsgenerator.model.Code@1aa99005
12:00:33.326 [main] DEBUG io.oth.xdsgenerator.service.cda.CdaMetaDataFactory - HealthcareFacilityTypeCode is: io.oth.xdsgenerator.model.Code@592238c5
12:00:33.329 [main] DEBUG io.oth.xdsgenerator.service.cda.CdaMetaDataFactory - SubmissionTime is: Mon May 22 12:00:33 CEST 2023
12:00:33.330 [main] DEBUG io.oth.xdsgenerator.service.cda.CdaMetaDataFactory - PracticeSettingCode is: null
12:00:33.330 [main] DEBUG io.oth.xdsgenerator.service.cda.CdaMetaDataFactory - MimeType is: text/xml
12:00:33.330 [main] DEBUG io.oth.xdsgenerator.service.cda.CdaMetaDataFactory - Availabilitystatus is: APPROVED
12:00:33.330 [main] DEBUG io.oth.xdsgenerator.service.cda.CdaMetaDataFactory - Objecttype is: STABLE
12:00:33.330 [main] DEBUG io.oth.xdsgenerator.service.cda.CdaMetaDataFactory - Starting metadata mpa from document
12:00:33.402 [main] DEBUG dk.s4.hl7.cda.convert.decode.cdametadata.MetaDataServiceEventCodeHandler - code is found: NPU03011, 1.2.208.176.2.1, O2 sat.;Hb(aB)
12:00:33.402 [main] DEBUG dk.s4.hl7.cda.convert.decode.cdametadata.MetaDataServiceEventCodeHandler - code is found: MCS88016, 1.2.208.184.100.8, FVC
12:00:33.408 [main] DEBUG io.oth.xdsgenerator.service.cda.CdaMetaDataFactory - io.oth.xdsgenerator.model.Code@3e1a3801
12:00:33.408 [main] DEBUG io.oth.xdsgenerator.service.cda.CdaMetaDataFactory - Madsen
12:00:33.408 [main] DEBUG io.oth.xdsgenerator.service.cda.CdaMetaDataFactory - M
12:00:33.408 [main] DEBUG io.oth.xdsgenerator.service.cda.CdaMetaDataFactory - io.oth.xdsgenerator.model.Code@1de0a46c
12:00:33.408 [main] DEBUG io.oth.xdsgenerator.service.cda.CdaMetaDataFactory - Sun Feb 17 09:15:00 CET 2013
12:00:33.408 [main] DEBUG io.oth.xdsgenerator.service.cda.CdaMetaDataFactory - io.oth.xdsgenerator.model.Code@4d1f1ff5
12:00:33.408 [main] DEBUG io.oth.xdsgenerator.service.cda.CdaMetaDataFactory - io.oth.xdsgenerator.model.Code@222afc67
12:00:33.408 [main] DEBUG io.oth.xdsgenerator.service.cda.CdaMetaDataFactory - da-DK
12:00:33.408 [main] DEBUG io.oth.xdsgenerator.service.cda.CdaMetaDataFactory - Olsen
12:00:33.408 [main] DEBUG io.oth.xdsgenerator.service.cda.CdaMetaDataFactory - Lars
12:00:33.408 [main] DEBUG io.oth.xdsgenerator.service.cda.CdaMetaDataFactory - io.oth.xdsgenerator.model.Code@4c2fb9dd
12:00:33.408 [main] DEBUG io.oth.xdsgenerator.service.cda.CdaMetaDataFactory - Mon Feb 11 09:11:00 CET 2013
12:00:33.408 [main] DEBUG io.oth.xdsgenerator.service.cda.CdaMetaDataFactory - Sat Feb 16 11:14:00 CET 2013
12:00:33.408 [main] DEBUG io.oth.xdsgenerator.service.cda.CdaMetaDataFactory - io.oth.xdsgenerator.model.Code@54f4a7f0
12:00:33.409 [main] DEBUG io.oth.xdsgenerator.service.cda.CdaMetaDataFactory - Berggren
12:00:33.409 [main] DEBUG io.oth.xdsgenerator.service.cda.CdaMetaDataFactory - Janus
12:00:33.409 [main] DEBUG io.oth.xdsgenerator.service.cda.CdaMetaDataFactory - Sat Jun 26 00:00:00 CEST 1948
12:00:33.409 [main] DEBUG io.oth.xdsgenerator.service.cda.CdaMetaDataFactory - M
12:00:33.409 [main] DEBUG io.oth.xdsgenerator.service.cda.CdaMetaDataFactory - Hjemmemonitorering for 2606481234
12:00:33.409 [main] DEBUG io.oth.xdsgenerator.service.cda.CdaMetaDataFactory - io.oth.xdsgenerator.model.Code@61a1ea2c
12:00:33.411 [main] DEBUG io.oth.xdsgenerator.service.cda.CdaMetaDataFactory - Returning metadata mpa from document
12:00:33.411 [main] DEBUG io.oth.xdsgenerator.service.cda.CdaMetaDataFactory - After getMetadataFromDocument()
12:00:33.411 [main] DEBUG io.oth.xdsgenerator.service.cda.CdaMetaDataFactory - ClassCode is: io.oth.xdsgenerator.model.Code@64c4c01
12:00:33.412 [main] DEBUG io.oth.xdsgenerator.service.cda.CdaMetaDataFactory - FormatCode is io.oth.xdsgenerator.model.Code@1aa99005
12:00:33.412 [main] DEBUG io.oth.xdsgenerator.service.cda.CdaMetaDataFactory - HealthcareFacilityTypeCode is: io.oth.xdsgenerator.model.Code@592238c5
12:00:33.412 [main] DEBUG io.oth.xdsgenerator.service.cda.CdaMetaDataFactory - SubmissionTime is: Mon May 22 12:00:33 CEST 2023
12:00:33.412 [main] DEBUG io.oth.xdsgenerator.service.cda.CdaMetaDataFactory - PracticeSettingCode is: null
12:00:33.412 [main] DEBUG io.oth.xdsgenerator.service.cda.CdaMetaDataFactory - MimeType is: text/xml
12:00:33.412 [main] DEBUG io.oth.xdsgenerator.service.cda.CdaMetaDataFactory - Availabilitystatus is: APPROVED
12:00:33.412 [main] DEBUG io.oth.xdsgenerator.service.cda.CdaMetaDataFactory - Objecttype is: STABLE
12:00:33.412 [main] INFO io.oth.xdsgenerator.service.cda.CdaMetaDataFactory - Unique ID: 437f8b60-9563-11e3-a5e2-0800200c9a66^1.2.208.184
12:00:33.412 [main] DEBUG io.oth.xdsgenerator.service.cda.CdaMetaDataFactory - Returning from  cda metadata map
12:00:33.415 [main] DEBUG org.springframework.test.context.cache.DefaultCacheAwareContextLoaderDelegate - Retrieved ApplicationContext [1659840424] from cache with key [[MergedContextConfiguration@e70f13a testClass = CDAParserTest, locations = '{}', classes = '{class io.oth.xdsgenerator.service.TestConfiguration}', contextInitializerClasses = '[]', activeProfiles = '{}', propertySourceLocations = '{}', propertySourceProperties = '{}', contextCustomizers = set[org.springframework.boot.test.context.filter.ExcludeFilterContextCustomizer@74a6f9c1, org.springframework.boot.test.json.DuplicateJsonObjectContextCustomizerFactory$DuplicateJsonObjectContextCustomizer@63611043, org.springframework.boot.test.mock.mockito.MockitoContextCustomizer@0, org.springframework.boot.test.autoconfigure.actuate.metrics.MetricsExportContextCustomizerFactory$DisableMetricExportContextCustomizer@5ef5c734, org.springframework.boot.test.autoconfigure.properties.PropertyMappingContextCustomizer@0, org.springframework.boot.test.autoconfigure.web.servlet.WebDriverContextCustomizerFactory$Customizer@479460a6], contextLoader = 'org.springframework.test.context.support.DelegatingSmartContextLoader', parent = [null]]]
12:00:33.415 [main] DEBUG org.springframework.test.context.cache - Spring test ApplicationContext cache statistics: [DefaultContextCache@285f09de size = 1, maxSize = 32, parentContextCount = 0, hitCount = 5, missCount = 1]
12:00:33.416 [main] DEBUG org.springframework.test.context.cache.DefaultCacheAwareContextLoaderDelegate - Retrieved ApplicationContext [1659840424] from cache with key [[MergedContextConfiguration@e70f13a testClass = CDAParserTest, locations = '{}', classes = '{class io.oth.xdsgenerator.service.TestConfiguration}', contextInitializerClasses = '[]', activeProfiles = '{}', propertySourceLocations = '{}', propertySourceProperties = '{}', contextCustomizers = set[org.springframework.boot.test.context.filter.ExcludeFilterContextCustomizer@74a6f9c1, org.springframework.boot.test.json.DuplicateJsonObjectContextCustomizerFactory$DuplicateJsonObjectContextCustomizer@63611043, org.springframework.boot.test.mock.mockito.MockitoContextCustomizer@0, org.springframework.boot.test.autoconfigure.actuate.metrics.MetricsExportContextCustomizerFactory$DisableMetricExportContextCustomizer@5ef5c734, org.springframework.boot.test.autoconfigure.properties.PropertyMappingContextCustomizer@0, org.springframework.boot.test.autoconfigure.web.servlet.WebDriverContextCustomizerFactory$Customizer@479460a6], contextLoader = 'org.springframework.test.context.support.DelegatingSmartContextLoader', parent = [null]]]
12:00:33.416 [main] DEBUG org.springframework.test.context.cache - Spring test ApplicationContext cache statistics: [DefaultContextCache@285f09de size = 1, maxSize = 32, parentContextCount = 0, hitCount = 6, missCount = 1]
12:00:33.416 [main] DEBUG org.springframework.test.context.cache.DefaultCacheAwareContextLoaderDelegate - Retrieved ApplicationContext [1659840424] from cache with key [[MergedContextConfiguration@e70f13a testClass = CDAParserTest, locations = '{}', classes = '{class io.oth.xdsgenerator.service.TestConfiguration}', contextInitializerClasses = '[]', activeProfiles = '{}', propertySourceLocations = '{}', propertySourceProperties = '{}', contextCustomizers = set[org.springframework.boot.test.context.filter.ExcludeFilterContextCustomizer@74a6f9c1, org.springframework.boot.test.json.DuplicateJsonObjectContextCustomizerFactory$DuplicateJsonObjectContextCustomizer@63611043, org.springframework.boot.test.mock.mockito.MockitoContextCustomizer@0, org.springframework.boot.test.autoconfigure.actuate.metrics.MetricsExportContextCustomizerFactory$DisableMetricExportContextCustomizer@5ef5c734, org.springframework.boot.test.autoconfigure.properties.PropertyMappingContextCustomizer@0, org.springframework.boot.test.autoconfigure.web.servlet.WebDriverContextCustomizerFactory$Customizer@479460a6], contextLoader = 'org.springframework.test.context.support.DelegatingSmartContextLoader', parent = [null]]]
12:00:33.416 [main] DEBUG org.springframework.test.context.cache - Spring test ApplicationContext cache statistics: [DefaultContextCache@285f09de size = 1, maxSize = 32, parentContextCount = 0, hitCount = 7, missCount = 1]
12:00:33.417 [main] DEBUG org.springframework.test.context.cache.DefaultCacheAwareContextLoaderDelegate - Retrieved ApplicationContext [1659840424] from cache with key [[MergedContextConfiguration@e70f13a testClass = CDAParserTest, locations = '{}', classes = '{class io.oth.xdsgenerator.service.TestConfiguration}', contextInitializerClasses = '[]', activeProfiles = '{}', propertySourceLocations = '{}', propertySourceProperties = '{}', contextCustomizers = set[org.springframework.boot.test.context.filter.ExcludeFilterContextCustomizer@74a6f9c1, org.springframework.boot.test.json.DuplicateJsonObjectContextCustomizerFactory$DuplicateJsonObjectContextCustomizer@63611043, org.springframework.boot.test.mock.mockito.MockitoContextCustomizer@0, org.springframework.boot.test.autoconfigure.actuate.metrics.MetricsExportContextCustomizerFactory$DisableMetricExportContextCustomizer@5ef5c734, org.springframework.boot.test.autoconfigure.properties.PropertyMappingContextCustomizer@0, org.springframework.boot.test.autoconfigure.web.servlet.WebDriverContextCustomizerFactory$Customizer@479460a6], contextLoader = 'org.springframework.test.context.support.DelegatingSmartContextLoader', parent = [null]]]
12:00:33.417 [main] DEBUG org.springframework.test.context.cache - Spring test ApplicationContext cache statistics: [DefaultContextCache@285f09de size = 1, maxSize = 32, parentContextCount = 0, hitCount = 8, missCount = 1]
12:00:33.418 [main] DEBUG org.springframework.test.context.cache.DefaultCacheAwareContextLoaderDelegate - Retrieved ApplicationContext [1659840424] from cache with key [[MergedContextConfiguration@e70f13a testClass = CDAParserTest, locations = '{}', classes = '{class io.oth.xdsgenerator.service.TestConfiguration}', contextInitializerClasses = '[]', activeProfiles = '{}', propertySourceLocations = '{}', propertySourceProperties = '{}', contextCustomizers = set[org.springframework.boot.test.context.filter.ExcludeFilterContextCustomizer@74a6f9c1, org.springframework.boot.test.json.DuplicateJsonObjectContextCustomizerFactory$DuplicateJsonObjectContextCustomizer@63611043, org.springframework.boot.test.mock.mockito.MockitoContextCustomizer@0, org.springframework.boot.test.autoconfigure.actuate.metrics.MetricsExportContextCustomizerFactory$DisableMetricExportContextCustomizer@5ef5c734, org.springframework.boot.test.autoconfigure.properties.PropertyMappingContextCustomizer@0, org.springframework.boot.test.autoconfigure.web.servlet.WebDriverContextCustomizerFactory$Customizer@479460a6], contextLoader = 'org.springframework.test.context.support.DelegatingSmartContextLoader', parent = [null]]]
12:00:33.418 [main] DEBUG org.springframework.test.context.cache - Spring test ApplicationContext cache statistics: [DefaultContextCache@285f09de size = 1, maxSize = 32, parentContextCount = 0, hitCount = 9, missCount = 1]
12:00:33.419 [main] DEBUG org.springframework.test.context.cache.DefaultCacheAwareContextLoaderDelegate - Retrieved ApplicationContext [1659840424] from cache with key [[MergedContextConfiguration@e70f13a testClass = CDAParserTest, locations = '{}', classes = '{class io.oth.xdsgenerator.service.TestConfiguration}', contextInitializerClasses = '[]', activeProfiles = '{}', propertySourceLocations = '{}', propertySourceProperties = '{}', contextCustomizers = set[org.springframework.boot.test.context.filter.ExcludeFilterContextCustomizer@74a6f9c1, org.springframework.boot.test.json.DuplicateJsonObjectContextCustomizerFactory$DuplicateJsonObjectContextCustomizer@63611043, org.springframework.boot.test.mock.mockito.MockitoContextCustomizer@0, org.springframework.boot.test.autoconfigure.actuate.metrics.MetricsExportContextCustomizerFactory$DisableMetricExportContextCustomizer@5ef5c734, org.springframework.boot.test.autoconfigure.properties.PropertyMappingContextCustomizer@0, org.springframework.boot.test.autoconfigure.web.servlet.WebDriverContextCustomizerFactory$Customizer@479460a6], contextLoader = 'org.springframework.test.context.support.DelegatingSmartContextLoader', parent = [null]]]
12:00:33.419 [main] DEBUG org.springframework.test.context.cache - Spring test ApplicationContext cache statistics: [DefaultContextCache@285f09de size = 1, maxSize = 32, parentContextCount = 0, hitCount = 10, missCount = 1]
12:00:33.419 [main] DEBUG org.springframework.test.context.support.AbstractDirtiesContextTestExecutionListener - After test method: context [DefaultTestContext@2bd08376 testClass = CDAParserTest, testInstance = io.oth.xdsgenerator.service.cda.CDAParserTest@29a0cdb, testMethod = testCDA_Ex4_COPD_MODIFIED_Parser@CDAParserTest, testException = [null], mergedContextConfiguration = [MergedContextConfiguration@e70f13a testClass = CDAParserTest, locations = '{}', classes = '{class io.oth.xdsgenerator.service.TestConfiguration}', contextInitializerClasses = '[]', activeProfiles = '{}', propertySourceLocations = '{}', propertySourceProperties = '{}', contextCustomizers = set[org.springframework.boot.test.context.filter.ExcludeFilterContextCustomizer@74a6f9c1, org.springframework.boot.test.json.DuplicateJsonObjectContextCustomizerFactory$DuplicateJsonObjectContextCustomizer@63611043, org.springframework.boot.test.mock.mockito.MockitoContextCustomizer@0, org.springframework.boot.test.autoconfigure.actuate.metrics.MetricsExportContextCustomizerFactory$DisableMetricExportContextCustomizer@5ef5c734, org.springframework.boot.test.autoconfigure.properties.PropertyMappingContextCustomizer@0, org.springframework.boot.test.autoconfigure.web.servlet.WebDriverContextCustomizerFactory$Customizer@479460a6], contextLoader = 'org.springframework.test.context.support.DelegatingSmartContextLoader', parent = [null]], attributes = map[[empty]]], class annotated with @DirtiesContext [false] with mode [null], method annotated with @DirtiesContext [false] with mode [null].
]]></system-out>
  </testcase>
  <testcase name="testCDA_PHMR_KOL_Parser_Tidszone_test" classname="io.oth.xdsgenerator.service.cda.CDAParserTest" time="0.008">
    <system-out><![CDATA[12:00:33.422 [main] DEBUG org.springframework.test.context.support.DependencyInjectionTestExecutionListener - Performing dependency injection for test context [[DefaultTestContext@2bd08376 testClass = CDAParserTest, testInstance = io.oth.xdsgenerator.service.cda.CDAParserTest@57402ba1, testMethod = [null], testException = [null], mergedContextConfiguration = [MergedContextConfiguration@e70f13a testClass = CDAParserTest, locations = '{}', classes = '{class io.oth.xdsgenerator.service.TestConfiguration}', contextInitializerClasses = '[]', activeProfiles = '{}', propertySourceLocations = '{}', propertySourceProperties = '{}', contextCustomizers = set[org.springframework.boot.test.context.filter.ExcludeFilterContextCustomizer@74a6f9c1, org.springframework.boot.test.json.DuplicateJsonObjectContextCustomizerFactory$DuplicateJsonObjectContextCustomizer@63611043, org.springframework.boot.test.mock.mockito.MockitoContextCustomizer@0, org.springframework.boot.test.autoconfigure.actuate.metrics.MetricsExportContextCustomizerFactory$DisableMetricExportContextCustomizer@5ef5c734, org.springframework.boot.test.autoconfigure.properties.PropertyMappingContextCustomizer@0, org.springframework.boot.test.autoconfigure.web.servlet.WebDriverContextCustomizerFactory$Customizer@479460a6], contextLoader = 'org.springframework.test.context.support.DelegatingSmartContextLoader', parent = [null]], attributes = map[[empty]]]].
12:00:33.422 [main] DEBUG org.springframework.test.context.cache.DefaultCacheAwareContextLoaderDelegate - Retrieved ApplicationContext [1659840424] from cache with key [[MergedContextConfiguration@e70f13a testClass = CDAParserTest, locations = '{}', classes = '{class io.oth.xdsgenerator.service.TestConfiguration}', contextInitializerClasses = '[]', activeProfiles = '{}', propertySourceLocations = '{}', propertySourceProperties = '{}', contextCustomizers = set[org.springframework.boot.test.context.filter.ExcludeFilterContextCustomizer@74a6f9c1, org.springframework.boot.test.json.DuplicateJsonObjectContextCustomizerFactory$DuplicateJsonObjectContextCustomizer@63611043, org.springframework.boot.test.mock.mockito.MockitoContextCustomizer@0, org.springframework.boot.test.autoconfigure.actuate.metrics.MetricsExportContextCustomizerFactory$DisableMetricExportContextCustomizer@5ef5c734, org.springframework.boot.test.autoconfigure.properties.PropertyMappingContextCustomizer@0, org.springframework.boot.test.autoconfigure.web.servlet.WebDriverContextCustomizerFactory$Customizer@479460a6], contextLoader = 'org.springframework.test.context.support.DelegatingSmartContextLoader', parent = [null]]]
12:00:33.423 [main] DEBUG org.springframework.test.context.cache - Spring test ApplicationContext cache statistics: [DefaultContextCache@285f09de size = 1, maxSize = 32, parentContextCount = 0, hitCount = 11, missCount = 1]
12:00:33.423 [main] DEBUG org.springframework.test.context.cache.DefaultCacheAwareContextLoaderDelegate - Retrieved ApplicationContext [1659840424] from cache with key [[MergedContextConfiguration@e70f13a testClass = CDAParserTest, locations = '{}', classes = '{class io.oth.xdsgenerator.service.TestConfiguration}', contextInitializerClasses = '[]', activeProfiles = '{}', propertySourceLocations = '{}', propertySourceProperties = '{}', contextCustomizers = set[org.springframework.boot.test.context.filter.ExcludeFilterContextCustomizer@74a6f9c1, org.springframework.boot.test.json.DuplicateJsonObjectContextCustomizerFactory$DuplicateJsonObjectContextCustomizer@63611043, org.springframework.boot.test.mock.mockito.MockitoContextCustomizer@0, org.springframework.boot.test.autoconfigure.actuate.metrics.MetricsExportContextCustomizerFactory$DisableMetricExportContextCustomizer@5ef5c734, org.springframework.boot.test.autoconfigure.properties.PropertyMappingContextCustomizer@0, org.springframework.boot.test.autoconfigure.web.servlet.WebDriverContextCustomizerFactory$Customizer@479460a6], contextLoader = 'org.springframework.test.context.support.DelegatingSmartContextLoader', parent = [null]]]
12:00:33.423 [main] DEBUG org.springframework.test.context.cache - Spring test ApplicationContext cache statistics: [DefaultContextCache@285f09de size = 1, maxSize = 32, parentContextCount = 0, hitCount = 12, missCount = 1]
12:00:33.424 [main] DEBUG org.springframework.test.context.support.AbstractDirtiesContextTestExecutionListener - Before test method: context [DefaultTestContext@2bd08376 testClass = CDAParserTest, testInstance = io.oth.xdsgenerator.service.cda.CDAParserTest@57402ba1, testMethod = testCDA_PHMR_KOL_Parser_Tidszone_test@CDAParserTest, testException = [null], mergedContextConfiguration = [MergedContextConfiguration@e70f13a testClass = CDAParserTest, locations = '{}', classes = '{class io.oth.xdsgenerator.service.TestConfiguration}', contextInitializerClasses = '[]', activeProfiles = '{}', propertySourceLocations = '{}', propertySourceProperties = '{}', contextCustomizers = set[org.springframework.boot.test.context.filter.ExcludeFilterContextCustomizer@74a6f9c1, org.springframework.boot.test.json.DuplicateJsonObjectContextCustomizerFactory$DuplicateJsonObjectContextCustomizer@63611043, org.springframework.boot.test.mock.mockito.MockitoContextCustomizer@0, org.springframework.boot.test.autoconfigure.actuate.metrics.MetricsExportContextCustomizerFactory$DisableMetricExportContextCustomizer@5ef5c734, org.springframework.boot.test.autoconfigure.properties.PropertyMappingContextCustomizer@0, org.springframework.boot.test.autoconfigure.web.servlet.WebDriverContextCustomizerFactory$Customizer@479460a6], contextLoader = 'org.springframework.test.context.support.DelegatingSmartContextLoader', parent = [null]], attributes = map[[empty]]], class annotated with @DirtiesContext [false] with mode [null], method annotated with @DirtiesContext [false] with mode [null].
12:00:33.424 [main] DEBUG org.springframework.test.context.cache.DefaultCacheAwareContextLoaderDelegate - Retrieved ApplicationContext [1659840424] from cache with key [[MergedContextConfiguration@e70f13a testClass = CDAParserTest, locations = '{}', classes = '{class io.oth.xdsgenerator.service.TestConfiguration}', contextInitializerClasses = '[]', activeProfiles = '{}', propertySourceLocations = '{}', propertySourceProperties = '{}', contextCustomizers = set[org.springframework.boot.test.context.filter.ExcludeFilterContextCustomizer@74a6f9c1, org.springframework.boot.test.json.DuplicateJsonObjectContextCustomizerFactory$DuplicateJsonObjectContextCustomizer@63611043, org.springframework.boot.test.mock.mockito.MockitoContextCustomizer@0, org.springframework.boot.test.autoconfigure.actuate.metrics.MetricsExportContextCustomizerFactory$DisableMetricExportContextCustomizer@5ef5c734, org.springframework.boot.test.autoconfigure.properties.PropertyMappingContextCustomizer@0, org.springframework.boot.test.autoconfigure.web.servlet.WebDriverContextCustomizerFactory$Customizer@479460a6], contextLoader = 'org.springframework.test.context.support.DelegatingSmartContextLoader', parent = [null]]]
12:00:33.424 [main] DEBUG org.springframework.test.context.cache - Spring test ApplicationContext cache statistics: [DefaultContextCache@285f09de size = 1, maxSize = 32, parentContextCount = 0, hitCount = 13, missCount = 1]
12:00:33.424 [main] DEBUG org.springframework.test.context.cache.DefaultCacheAwareContextLoaderDelegate - Retrieved ApplicationContext [1659840424] from cache with key [[MergedContextConfiguration@e70f13a testClass = CDAParserTest, locations = '{}', classes = '{class io.oth.xdsgenerator.service.TestConfiguration}', contextInitializerClasses = '[]', activeProfiles = '{}', propertySourceLocations = '{}', propertySourceProperties = '{}', contextCustomizers = set[org.springframework.boot.test.context.filter.ExcludeFilterContextCustomizer@74a6f9c1, org.springframework.boot.test.json.DuplicateJsonObjectContextCustomizerFactory$DuplicateJsonObjectContextCustomizer@63611043, org.springframework.boot.test.mock.mockito.MockitoContextCustomizer@0, org.springframework.boot.test.autoconfigure.actuate.metrics.MetricsExportContextCustomizerFactory$DisableMetricExportContextCustomizer@5ef5c734, org.springframework.boot.test.autoconfigure.properties.PropertyMappingContextCustomizer@0, org.springframework.boot.test.autoconfigure.web.servlet.WebDriverContextCustomizerFactory$Customizer@479460a6], contextLoader = 'org.springframework.test.context.support.DelegatingSmartContextLoader', parent = [null]]]
12:00:33.424 [main] DEBUG org.springframework.test.context.cache - Spring test ApplicationContext cache statistics: [DefaultContextCache@285f09de size = 1, maxSize = 32, parentContextCount = 0, hitCount = 14, missCount = 1]
12:00:33.424 [main] DEBUG org.springframework.test.context.cache.DefaultCacheAwareContextLoaderDelegate - Retrieved ApplicationContext [1659840424] from cache with key [[MergedContextConfiguration@e70f13a testClass = CDAParserTest, locations = '{}', classes = '{class io.oth.xdsgenerator.service.TestConfiguration}', contextInitializerClasses = '[]', activeProfiles = '{}', propertySourceLocations = '{}', propertySourceProperties = '{}', contextCustomizers = set[org.springframework.boot.test.context.filter.ExcludeFilterContextCustomizer@74a6f9c1, org.springframework.boot.test.json.DuplicateJsonObjectContextCustomizerFactory$DuplicateJsonObjectContextCustomizer@63611043, org.springframework.boot.test.mock.mockito.MockitoContextCustomizer@0, org.springframework.boot.test.autoconfigure.actuate.metrics.MetricsExportContextCustomizerFactory$DisableMetricExportContextCustomizer@5ef5c734, org.springframework.boot.test.autoconfigure.properties.PropertyMappingContextCustomizer@0, org.springframework.boot.test.autoconfigure.web.servlet.WebDriverContextCustomizerFactory$Customizer@479460a6], contextLoader = 'org.springframework.test.context.support.DelegatingSmartContextLoader', parent = [null]]]
12:00:33.424 [main] DEBUG org.springframework.test.context.cache - Spring test ApplicationContext cache statistics: [DefaultContextCache@285f09de size = 1, maxSize = 32, parentContextCount = 0, hitCount = 15, missCount = 1]
12:00:33.425 [main] INFO io.oth.xdsgenerator.service.cda.CdaMetaDataFactory - Starting cda metadata map
12:00:33.425 [main] INFO io.oth.xdsgenerator.service.cda.CdaMetaDataFactory - Transfering metadata - null null
12:00:33.425 [main] DEBUG io.oth.xdsgenerator.service.cda.CdaMetaDataFactory - ClassCode is: io.oth.xdsgenerator.model.Code@56913163
12:00:33.425 [main] DEBUG io.oth.xdsgenerator.service.cda.CdaMetaDataFactory - FormatCode isio.oth.xdsgenerator.model.Code@702b06fb
12:00:33.425 [main] DEBUG io.oth.xdsgenerator.service.cda.CdaMetaDataFactory - HealthcareFacilityTypeCode is: io.oth.xdsgenerator.model.Code@a18649a
12:00:33.425 [main] DEBUG io.oth.xdsgenerator.service.cda.CdaMetaDataFactory - SubmissionTime is: Mon May 22 12:00:33 CEST 2023
12:00:33.425 [main] DEBUG io.oth.xdsgenerator.service.cda.CdaMetaDataFactory - PracticeSettingCode is: null
12:00:33.425 [main] DEBUG io.oth.xdsgenerator.service.cda.CdaMetaDataFactory - MimeType is: text/xml
12:00:33.425 [main] DEBUG io.oth.xdsgenerator.service.cda.CdaMetaDataFactory - Availabilitystatus is: APPROVED
12:00:33.425 [main] DEBUG io.oth.xdsgenerator.service.cda.CdaMetaDataFactory - Objecttype is: STABLE
12:00:33.425 [main] DEBUG io.oth.xdsgenerator.service.cda.CdaMetaDataFactory - Starting metadata mpa from document
12:00:33.428 [main] DEBUG io.oth.xdsgenerator.service.cda.CdaMetaDataFactory - io.oth.xdsgenerator.model.Code@5c534b5b
12:00:33.428 [main] DEBUG io.oth.xdsgenerator.service.cda.CdaMetaDataFactory - Andersen
12:00:33.428 [main] DEBUG io.oth.xdsgenerator.service.cda.CdaMetaDataFactory - Anders
12:00:33.428 [main] DEBUG io.oth.xdsgenerator.service.cda.CdaMetaDataFactory - io.oth.xdsgenerator.model.Code@396639b
12:00:33.428 [main] DEBUG io.oth.xdsgenerator.service.cda.CdaMetaDataFactory - Thu Jun 09 12:50:10 CEST 2016
12:00:33.428 [main] DEBUG io.oth.xdsgenerator.service.cda.CdaMetaDataFactory - da-DK
12:00:33.428 [main] DEBUG io.oth.xdsgenerator.service.cda.CdaMetaDataFactory - Olsen
12:00:33.428 [main] DEBUG io.oth.xdsgenerator.service.cda.CdaMetaDataFactory - Lars
12:00:33.428 [main] DEBUG io.oth.xdsgenerator.service.cda.CdaMetaDataFactory - io.oth.xdsgenerator.model.Code@2b22a1cc
12:00:33.428 [main] DEBUG io.oth.xdsgenerator.service.cda.CdaMetaDataFactory - Thu Jun 09 10:10:10 CEST 2016
12:00:33.428 [main] DEBUG io.oth.xdsgenerator.service.cda.CdaMetaDataFactory - Thu Jun 09 10:30:10 CEST 2016
12:00:33.428 [main] DEBUG io.oth.xdsgenerator.service.cda.CdaMetaDataFactory - io.oth.xdsgenerator.model.Code@62573c86
12:00:33.428 [main] DEBUG io.oth.xdsgenerator.service.cda.CdaMetaDataFactory - Berggren
12:00:33.429 [main] DEBUG io.oth.xdsgenerator.service.cda.CdaMetaDataFactory - Nancy
12:00:33.429 [main] DEBUG io.oth.xdsgenerator.service.cda.CdaMetaDataFactory - Sat Dec 25 00:00:00 CET 1948
12:00:33.429 [main] DEBUG io.oth.xdsgenerator.service.cda.CdaMetaDataFactory - F
12:00:33.429 [main] DEBUG io.oth.xdsgenerator.service.cda.CdaMetaDataFactory - Hjemmemonitorering for 2512489996
12:00:33.429 [main] DEBUG io.oth.xdsgenerator.service.cda.CdaMetaDataFactory - io.oth.xdsgenerator.model.Code@2418ba04
12:00:33.429 [main] DEBUG io.oth.xdsgenerator.service.cda.CdaMetaDataFactory - Returning metadata mpa from document
12:00:33.429 [main] DEBUG io.oth.xdsgenerator.service.cda.CdaMetaDataFactory - After getMetadataFromDocument()
12:00:33.429 [main] DEBUG io.oth.xdsgenerator.service.cda.CdaMetaDataFactory - ClassCode is: io.oth.xdsgenerator.model.Code@56913163
12:00:33.429 [main] DEBUG io.oth.xdsgenerator.service.cda.CdaMetaDataFactory - FormatCode is io.oth.xdsgenerator.model.Code@702b06fb
12:00:33.429 [main] DEBUG io.oth.xdsgenerator.service.cda.CdaMetaDataFactory - HealthcareFacilityTypeCode is: io.oth.xdsgenerator.model.Code@a18649a
12:00:33.429 [main] DEBUG io.oth.xdsgenerator.service.cda.CdaMetaDataFactory - SubmissionTime is: Mon May 22 12:00:33 CEST 2023
12:00:33.429 [main] DEBUG io.oth.xdsgenerator.service.cda.CdaMetaDataFactory - PracticeSettingCode is: null
12:00:33.429 [main] DEBUG io.oth.xdsgenerator.service.cda.CdaMetaDataFactory - MimeType is: text/xml
12:00:33.429 [main] DEBUG io.oth.xdsgenerator.service.cda.CdaMetaDataFactory - Availabilitystatus is: APPROVED
12:00:33.429 [main] DEBUG io.oth.xdsgenerator.service.cda.CdaMetaDataFactory - Objecttype is: STABLE
12:00:33.429 [main] INFO io.oth.xdsgenerator.service.cda.CdaMetaDataFactory - Unique ID: 021ba3bd-6935-45ca-bdcd-ed77f8b2ee2a^1.2.208.184
12:00:33.429 [main] DEBUG io.oth.xdsgenerator.service.cda.CdaMetaDataFactory - Returning from  cda metadata map
12:00:33.430 [main] DEBUG org.springframework.test.context.cache.DefaultCacheAwareContextLoaderDelegate - Retrieved ApplicationContext [1659840424] from cache with key [[MergedContextConfiguration@e70f13a testClass = CDAParserTest, locations = '{}', classes = '{class io.oth.xdsgenerator.service.TestConfiguration}', contextInitializerClasses = '[]', activeProfiles = '{}', propertySourceLocations = '{}', propertySourceProperties = '{}', contextCustomizers = set[org.springframework.boot.test.context.filter.ExcludeFilterContextCustomizer@74a6f9c1, org.springframework.boot.test.json.DuplicateJsonObjectContextCustomizerFactory$DuplicateJsonObjectContextCustomizer@63611043, org.springframework.boot.test.mock.mockito.MockitoContextCustomizer@0, org.springframework.boot.test.autoconfigure.actuate.metrics.MetricsExportContextCustomizerFactory$DisableMetricExportContextCustomizer@5ef5c734, org.springframework.boot.test.autoconfigure.properties.PropertyMappingContextCustomizer@0, org.springframework.boot.test.autoconfigure.web.servlet.WebDriverContextCustomizerFactory$Customizer@479460a6], contextLoader = 'org.springframework.test.context.support.DelegatingSmartContextLoader', parent = [null]]]
12:00:33.430 [main] DEBUG org.springframework.test.context.cache - Spring test ApplicationContext cache statistics: [DefaultContextCache@285f09de size = 1, maxSize = 32, parentContextCount = 0, hitCount = 16, missCount = 1]
12:00:33.430 [main] DEBUG org.springframework.test.context.cache.DefaultCacheAwareContextLoaderDelegate - Retrieved ApplicationContext [1659840424] from cache with key [[MergedContextConfiguration@e70f13a testClass = CDAParserTest, locations = '{}', classes = '{class io.oth.xdsgenerator.service.TestConfiguration}', contextInitializerClasses = '[]', activeProfiles = '{}', propertySourceLocations = '{}', propertySourceProperties = '{}', contextCustomizers = set[org.springframework.boot.test.context.filter.ExcludeFilterContextCustomizer@74a6f9c1, org.springframework.boot.test.json.DuplicateJsonObjectContextCustomizerFactory$DuplicateJsonObjectContextCustomizer@63611043, org.springframework.boot.test.mock.mockito.MockitoContextCustomizer@0, org.springframework.boot.test.autoconfigure.actuate.metrics.MetricsExportContextCustomizerFactory$DisableMetricExportContextCustomizer@5ef5c734, org.springframework.boot.test.autoconfigure.properties.PropertyMappingContextCustomizer@0, org.springframework.boot.test.autoconfigure.web.servlet.WebDriverContextCustomizerFactory$Customizer@479460a6], contextLoader = 'org.springframework.test.context.support.DelegatingSmartContextLoader', parent = [null]]]
12:00:33.430 [main] DEBUG org.springframework.test.context.cache - Spring test ApplicationContext cache statistics: [DefaultContextCache@285f09de size = 1, maxSize = 32, parentContextCount = 0, hitCount = 17, missCount = 1]
12:00:33.430 [main] DEBUG org.springframework.test.context.cache.DefaultCacheAwareContextLoaderDelegate - Retrieved ApplicationContext [1659840424] from cache with key [[MergedContextConfiguration@e70f13a testClass = CDAParserTest, locations = '{}', classes = '{class io.oth.xdsgenerator.service.TestConfiguration}', contextInitializerClasses = '[]', activeProfiles = '{}', propertySourceLocations = '{}', propertySourceProperties = '{}', contextCustomizers = set[org.springframework.boot.test.context.filter.ExcludeFilterContextCustomizer@74a6f9c1, org.springframework.boot.test.json.DuplicateJsonObjectContextCustomizerFactory$DuplicateJsonObjectContextCustomizer@63611043, org.springframework.boot.test.mock.mockito.MockitoContextCustomizer@0, org.springframework.boot.test.autoconfigure.actuate.metrics.MetricsExportContextCustomizerFactory$DisableMetricExportContextCustomizer@5ef5c734, org.springframework.boot.test.autoconfigure.properties.PropertyMappingContextCustomizer@0, org.springframework.boot.test.autoconfigure.web.servlet.WebDriverContextCustomizerFactory$Customizer@479460a6], contextLoader = 'org.springframework.test.context.support.DelegatingSmartContextLoader', parent = [null]]]
12:00:33.430 [main] DEBUG org.springframework.test.context.cache - Spring test ApplicationContext cache statistics: [DefaultContextCache@285f09de size = 1, maxSize = 32, parentContextCount = 0, hitCount = 18, missCount = 1]
12:00:33.430 [main] DEBUG org.springframework.test.context.cache.DefaultCacheAwareContextLoaderDelegate - Retrieved ApplicationContext [1659840424] from cache with key [[MergedContextConfiguration@e70f13a testClass = CDAParserTest, locations = '{}', classes = '{class io.oth.xdsgenerator.service.TestConfiguration}', contextInitializerClasses = '[]', activeProfiles = '{}', propertySourceLocations = '{}', propertySourceProperties = '{}', contextCustomizers = set[org.springframework.boot.test.context.filter.ExcludeFilterContextCustomizer@74a6f9c1, org.springframework.boot.test.json.DuplicateJsonObjectContextCustomizerFactory$DuplicateJsonObjectContextCustomizer@63611043, org.springframework.boot.test.mock.mockito.MockitoContextCustomizer@0, org.springframework.boot.test.autoconfigure.actuate.metrics.MetricsExportContextCustomizerFactory$DisableMetricExportContextCustomizer@5ef5c734, org.springframework.boot.test.autoconfigure.properties.PropertyMappingContextCustomizer@0, org.springframework.boot.test.autoconfigure.web.servlet.WebDriverContextCustomizerFactory$Customizer@479460a6], contextLoader = 'org.springframework.test.context.support.DelegatingSmartContextLoader', parent = [null]]]
12:00:33.430 [main] DEBUG org.springframework.test.context.cache - Spring test ApplicationContext cache statistics: [DefaultContextCache@285f09de size = 1, maxSize = 32, parentContextCount = 0, hitCount = 19, missCount = 1]
12:00:33.431 [main] DEBUG org.springframework.test.context.cache.DefaultCacheAwareContextLoaderDelegate - Retrieved ApplicationContext [1659840424] from cache with key [[MergedContextConfiguration@e70f13a testClass = CDAParserTest, locations = '{}', classes = '{class io.oth.xdsgenerator.service.TestConfiguration}', contextInitializerClasses = '[]', activeProfiles = '{}', propertySourceLocations = '{}', propertySourceProperties = '{}', contextCustomizers = set[org.springframework.boot.test.context.filter.ExcludeFilterContextCustomizer@74a6f9c1, org.springframework.boot.test.json.DuplicateJsonObjectContextCustomizerFactory$DuplicateJsonObjectContextCustomizer@63611043, org.springframework.boot.test.mock.mockito.MockitoContextCustomizer@0, org.springframework.boot.test.autoconfigure.actuate.metrics.MetricsExportContextCustomizerFactory$DisableMetricExportContextCustomizer@5ef5c734, org.springframework.boot.test.autoconfigure.properties.PropertyMappingContextCustomizer@0, org.springframework.boot.test.autoconfigure.web.servlet.WebDriverContextCustomizerFactory$Customizer@479460a6], contextLoader = 'org.springframework.test.context.support.DelegatingSmartContextLoader', parent = [null]]]
12:00:33.431 [main] DEBUG org.springframework.test.context.cache - Spring test ApplicationContext cache statistics: [DefaultContextCache@285f09de size = 1, maxSize = 32, parentContextCount = 0, hitCount = 20, missCount = 1]
12:00:33.431 [main] DEBUG org.springframework.test.context.cache.DefaultCacheAwareContextLoaderDelegate - Retrieved ApplicationContext [1659840424] from cache with key [[MergedContextConfiguration@e70f13a testClass = CDAParserTest, locations = '{}', classes = '{class io.oth.xdsgenerator.service.TestConfiguration}', contextInitializerClasses = '[]', activeProfiles = '{}', propertySourceLocations = '{}', propertySourceProperties = '{}', contextCustomizers = set[org.springframework.boot.test.context.filter.ExcludeFilterContextCustomizer@74a6f9c1, org.springframework.boot.test.json.DuplicateJsonObjectContextCustomizerFactory$DuplicateJsonObjectContextCustomizer@63611043, org.springframework.boot.test.mock.mockito.MockitoContextCustomizer@0, org.springframework.boot.test.autoconfigure.actuate.metrics.MetricsExportContextCustomizerFactory$DisableMetricExportContextCustomizer@5ef5c734, org.springframework.boot.test.autoconfigure.properties.PropertyMappingContextCustomizer@0, org.springframework.boot.test.autoconfigure.web.servlet.WebDriverContextCustomizerFactory$Customizer@479460a6], contextLoader = 'org.springframework.test.context.support.DelegatingSmartContextLoader', parent = [null]]]
12:00:33.431 [main] DEBUG org.springframework.test.context.cache - Spring test ApplicationContext cache statistics: [DefaultContextCache@285f09de size = 1, maxSize = 32, parentContextCount = 0, hitCount = 21, missCount = 1]
12:00:33.431 [main] DEBUG org.springframework.test.context.support.AbstractDirtiesContextTestExecutionListener - After test method: context [DefaultTestContext@2bd08376 testClass = CDAParserTest, testInstance = io.oth.xdsgenerator.service.cda.CDAParserTest@57402ba1, testMethod = testCDA_PHMR_KOL_Parser_Tidszone_test@CDAParserTest, testException = [null], mergedContextConfiguration = [MergedContextConfiguration@e70f13a testClass = CDAParserTest, locations = '{}', classes = '{class io.oth.xdsgenerator.service.TestConfiguration}', contextInitializerClasses = '[]', activeProfiles = '{}', propertySourceLocations = '{}', propertySourceProperties = '{}', contextCustomizers = set[org.springframework.boot.test.context.filter.ExcludeFilterContextCustomizer@74a6f9c1, org.springframework.boot.test.json.DuplicateJsonObjectContextCustomizerFactory$DuplicateJsonObjectContextCustomizer@63611043, org.springframework.boot.test.mock.mockito.MockitoContextCustomizer@0, org.springframework.boot.test.autoconfigure.actuate.metrics.MetricsExportContextCustomizerFactory$DisableMetricExportContextCustomizer@5ef5c734, org.springframework.boot.test.autoconfigure.properties.PropertyMappingContextCustomizer@0, org.springframework.boot.test.autoconfigure.web.servlet.WebDriverContextCustomizerFactory$Customizer@479460a6], contextLoader = 'org.springframework.test.context.support.DelegatingSmartContextLoader', parent = [null]], attributes = map[[empty]]], class annotated with @DirtiesContext [false] with mode [null], method annotated with @DirtiesContext [false] with mode [null].
]]></system-out>
  </testcase>
  <testcase name="testCDA_PHMR_KOL_Parser" classname="io.oth.xdsgenerator.service.cda.CDAParserTest" time="0.012">
    <system-out><![CDATA[12:00:33.436 [main] DEBUG org.springframework.test.context.support.DependencyInjectionTestExecutionListener - Performing dependency injection for test context [[DefaultTestContext@2bd08376 testClass = CDAParserTest, testInstance = io.oth.xdsgenerator.service.cda.CDAParserTest@14229fa7, testMethod = [null], testException = [null], mergedContextConfiguration = [MergedContextConfiguration@e70f13a testClass = CDAParserTest, locations = '{}', classes = '{class io.oth.xdsgenerator.service.TestConfiguration}', contextInitializerClasses = '[]', activeProfiles = '{}', propertySourceLocations = '{}', propertySourceProperties = '{}', contextCustomizers = set[org.springframework.boot.test.context.filter.ExcludeFilterContextCustomizer@74a6f9c1, org.springframework.boot.test.json.DuplicateJsonObjectContextCustomizerFactory$DuplicateJsonObjectContextCustomizer@63611043, org.springframework.boot.test.mock.mockito.MockitoContextCustomizer@0, org.springframework.boot.test.autoconfigure.actuate.metrics.MetricsExportContextCustomizerFactory$DisableMetricExportContextCustomizer@5ef5c734, org.springframework.boot.test.autoconfigure.properties.PropertyMappingContextCustomizer@0, org.springframework.boot.test.autoconfigure.web.servlet.WebDriverContextCustomizerFactory$Customizer@479460a6], contextLoader = 'org.springframework.test.context.support.DelegatingSmartContextLoader', parent = [null]], attributes = map[[empty]]]].
12:00:33.437 [main] DEBUG org.springframework.test.context.cache.DefaultCacheAwareContextLoaderDelegate - Retrieved ApplicationContext [1659840424] from cache with key [[MergedContextConfiguration@e70f13a testClass = CDAParserTest, locations = '{}', classes = '{class io.oth.xdsgenerator.service.TestConfiguration}', contextInitializerClasses = '[]', activeProfiles = '{}', propertySourceLocations = '{}', propertySourceProperties = '{}', contextCustomizers = set[org.springframework.boot.test.context.filter.ExcludeFilterContextCustomizer@74a6f9c1, org.springframework.boot.test.json.DuplicateJsonObjectContextCustomizerFactory$DuplicateJsonObjectContextCustomizer@63611043, org.springframework.boot.test.mock.mockito.MockitoContextCustomizer@0, org.springframework.boot.test.autoconfigure.actuate.metrics.MetricsExportContextCustomizerFactory$DisableMetricExportContextCustomizer@5ef5c734, org.springframework.boot.test.autoconfigure.properties.PropertyMappingContextCustomizer@0, org.springframework.boot.test.autoconfigure.web.servlet.WebDriverContextCustomizerFactory$Customizer@479460a6], contextLoader = 'org.springframework.test.context.support.DelegatingSmartContextLoader', parent = [null]]]
12:00:33.437 [main] DEBUG org.springframework.test.context.cache - Spring test ApplicationContext cache statistics: [DefaultContextCache@285f09de size = 1, maxSize = 32, parentContextCount = 0, hitCount = 22, missCount = 1]
12:00:33.437 [main] DEBUG org.springframework.test.context.cache.DefaultCacheAwareContextLoaderDelegate - Retrieved ApplicationContext [1659840424] from cache with key [[MergedContextConfiguration@e70f13a testClass = CDAParserTest, locations = '{}', classes = '{class io.oth.xdsgenerator.service.TestConfiguration}', contextInitializerClasses = '[]', activeProfiles = '{}', propertySourceLocations = '{}', propertySourceProperties = '{}', contextCustomizers = set[org.springframework.boot.test.context.filter.ExcludeFilterContextCustomizer@74a6f9c1, org.springframework.boot.test.json.DuplicateJsonObjectContextCustomizerFactory$DuplicateJsonObjectContextCustomizer@63611043, org.springframework.boot.test.mock.mockito.MockitoContextCustomizer@0, org.springframework.boot.test.autoconfigure.actuate.metrics.MetricsExportContextCustomizerFactory$DisableMetricExportContextCustomizer@5ef5c734, org.springframework.boot.test.autoconfigure.properties.PropertyMappingContextCustomizer@0, org.springframework.boot.test.autoconfigure.web.servlet.WebDriverContextCustomizerFactory$Customizer@479460a6], contextLoader = 'org.springframework.test.context.support.DelegatingSmartContextLoader', parent = [null]]]
12:00:33.438 [main] DEBUG org.springframework.test.context.cache - Spring test ApplicationContext cache statistics: [DefaultContextCache@285f09de size = 1, maxSize = 32, parentContextCount = 0, hitCount = 23, missCount = 1]
12:00:33.439 [main] DEBUG org.springframework.test.context.support.AbstractDirtiesContextTestExecutionListener - Before test method: context [DefaultTestContext@2bd08376 testClass = CDAParserTest, testInstance = io.oth.xdsgenerator.service.cda.CDAParserTest@14229fa7, testMethod = testCDA_PHMR_KOL_Parser@CDAParserTest, testException = [null], mergedContextConfiguration = [MergedContextConfiguration@e70f13a testClass = CDAParserTest, locations = '{}', classes = '{class io.oth.xdsgenerator.service.TestConfiguration}', contextInitializerClasses = '[]', activeProfiles = '{}', propertySourceLocations = '{}', propertySourceProperties = '{}', contextCustomizers = set[org.springframework.boot.test.context.filter.ExcludeFilterContextCustomizer@74a6f9c1, org.springframework.boot.test.json.DuplicateJsonObjectContextCustomizerFactory$DuplicateJsonObjectContextCustomizer@63611043, org.springframework.boot.test.mock.mockito.MockitoContextCustomizer@0, org.springframework.boot.test.autoconfigure.actuate.metrics.MetricsExportContextCustomizerFactory$DisableMetricExportContextCustomizer@5ef5c734, org.springframework.boot.test.autoconfigure.properties.PropertyMappingContextCustomizer@0, org.springframework.boot.test.autoconfigure.web.servlet.WebDriverContextCustomizerFactory$Customizer@479460a6], contextLoader = 'org.springframework.test.context.support.DelegatingSmartContextLoader', parent = [null]], attributes = map[[empty]]], class annotated with @DirtiesContext [false] with mode [null], method annotated with @DirtiesContext [false] with mode [null].
12:00:33.439 [main] DEBUG org.springframework.test.context.cache.DefaultCacheAwareContextLoaderDelegate - Retrieved ApplicationContext [1659840424] from cache with key [[MergedContextConfiguration@e70f13a testClass = CDAParserTest, locations = '{}', classes = '{class io.oth.xdsgenerator.service.TestConfiguration}', contextInitializerClasses = '[]', activeProfiles = '{}', propertySourceLocations = '{}', propertySourceProperties = '{}', contextCustomizers = set[org.springframework.boot.test.context.filter.ExcludeFilterContextCustomizer@74a6f9c1, org.springframework.boot.test.json.DuplicateJsonObjectContextCustomizerFactory$DuplicateJsonObjectContextCustomizer@63611043, org.springframework.boot.test.mock.mockito.MockitoContextCustomizer@0, org.springframework.boot.test.autoconfigure.actuate.metrics.MetricsExportContextCustomizerFactory$DisableMetricExportContextCustomizer@5ef5c734, org.springframework.boot.test.autoconfigure.properties.PropertyMappingContextCustomizer@0, org.springframework.boot.test.autoconfigure.web.servlet.WebDriverContextCustomizerFactory$Customizer@479460a6], contextLoader = 'org.springframework.test.context.support.DelegatingSmartContextLoader', parent = [null]]]
12:00:33.439 [main] DEBUG org.springframework.test.context.cache - Spring test ApplicationContext cache statistics: [DefaultContextCache@285f09de size = 1, maxSize = 32, parentContextCount = 0, hitCount = 24, missCount = 1]
12:00:33.439 [main] DEBUG org.springframework.test.context.cache.DefaultCacheAwareContextLoaderDelegate - Retrieved ApplicationContext [1659840424] from cache with key [[MergedContextConfiguration@e70f13a testClass = CDAParserTest, locations = '{}', classes = '{class io.oth.xdsgenerator.service.TestConfiguration}', contextInitializerClasses = '[]', activeProfiles = '{}', propertySourceLocations = '{}', propertySourceProperties = '{}', contextCustomizers = set[org.springframework.boot.test.context.filter.ExcludeFilterContextCustomizer@74a6f9c1, org.springframework.boot.test.json.DuplicateJsonObjectContextCustomizerFactory$DuplicateJsonObjectContextCustomizer@63611043, org.springframework.boot.test.mock.mockito.MockitoContextCustomizer@0, org.springframework.boot.test.autoconfigure.actuate.metrics.MetricsExportContextCustomizerFactory$DisableMetricExportContextCustomizer@5ef5c734, org.springframework.boot.test.autoconfigure.properties.PropertyMappingContextCustomizer@0, org.springframework.boot.test.autoconfigure.web.servlet.WebDriverContextCustomizerFactory$Customizer@479460a6], contextLoader = 'org.springframework.test.context.support.DelegatingSmartContextLoader', parent = [null]]]
12:00:33.439 [main] DEBUG org.springframework.test.context.cache - Spring test ApplicationContext cache statistics: [DefaultContextCache@285f09de size = 1, maxSize = 32, parentContextCount = 0, hitCount = 25, missCount = 1]
12:00:33.440 [main] DEBUG org.springframework.test.context.cache.DefaultCacheAwareContextLoaderDelegate - Retrieved ApplicationContext [1659840424] from cache with key [[MergedContextConfiguration@e70f13a testClass = CDAParserTest, locations = '{}', classes = '{class io.oth.xdsgenerator.service.TestConfiguration}', contextInitializerClasses = '[]', activeProfiles = '{}', propertySourceLocations = '{}', propertySourceProperties = '{}', contextCustomizers = set[org.springframework.boot.test.context.filter.ExcludeFilterContextCustomizer@74a6f9c1, org.springframework.boot.test.json.DuplicateJsonObjectContextCustomizerFactory$DuplicateJsonObjectContextCustomizer@63611043, org.springframework.boot.test.mock.mockito.MockitoContextCustomizer@0, org.springframework.boot.test.autoconfigure.actuate.metrics.MetricsExportContextCustomizerFactory$DisableMetricExportContextCustomizer@5ef5c734, org.springframework.boot.test.autoconfigure.properties.PropertyMappingContextCustomizer@0, org.springframework.boot.test.autoconfigure.web.servlet.WebDriverContextCustomizerFactory$Customizer@479460a6], contextLoader = 'org.springframework.test.context.support.DelegatingSmartContextLoader', parent = [null]]]
12:00:33.440 [main] DEBUG org.springframework.test.context.cache - Spring test ApplicationContext cache statistics: [DefaultContextCache@285f09de size = 1, maxSize = 32, parentContextCount = 0, hitCount = 26, missCount = 1]
12:00:33.441 [main] INFO io.oth.xdsgenerator.service.cda.CdaMetaDataFactory - Starting cda metadata map
12:00:33.441 [main] INFO io.oth.xdsgenerator.service.cda.CdaMetaDataFactory - Transfering metadata - null null
12:00:33.441 [main] DEBUG io.oth.xdsgenerator.service.cda.CdaMetaDataFactory - ClassCode is: io.oth.xdsgenerator.model.Code@2ab0702e
12:00:33.441 [main] DEBUG io.oth.xdsgenerator.service.cda.CdaMetaDataFactory - FormatCode isio.oth.xdsgenerator.model.Code@7158daf2
12:00:33.441 [main] DEBUG io.oth.xdsgenerator.service.cda.CdaMetaDataFactory - HealthcareFacilityTypeCode is: io.oth.xdsgenerator.model.Code@10f19647
12:00:33.441 [main] DEBUG io.oth.xdsgenerator.service.cda.CdaMetaDataFactory - SubmissionTime is: Mon May 22 12:00:33 CEST 2023
12:00:33.441 [main] DEBUG io.oth.xdsgenerator.service.cda.CdaMetaDataFactory - PracticeSettingCode is: null
12:00:33.441 [main] DEBUG io.oth.xdsgenerator.service.cda.CdaMetaDataFactory - MimeType is: text/xml
12:00:33.441 [main] DEBUG io.oth.xdsgenerator.service.cda.CdaMetaDataFactory - Availabilitystatus is: APPROVED
12:00:33.441 [main] DEBUG io.oth.xdsgenerator.service.cda.CdaMetaDataFactory - Objecttype is: STABLE
12:00:33.441 [main] DEBUG io.oth.xdsgenerator.service.cda.CdaMetaDataFactory - Starting metadata mpa from document
12:00:33.445 [main] DEBUG io.oth.xdsgenerator.service.cda.CdaMetaDataFactory - io.oth.xdsgenerator.model.Code@102efc59
12:00:33.445 [main] DEBUG io.oth.xdsgenerator.service.cda.CdaMetaDataFactory - Andersen
12:00:33.445 [main] DEBUG io.oth.xdsgenerator.service.cda.CdaMetaDataFactory - Anders
12:00:33.445 [main] DEBUG io.oth.xdsgenerator.service.cda.CdaMetaDataFactory - io.oth.xdsgenerator.model.Code@3936df72
12:00:33.445 [main] DEBUG io.oth.xdsgenerator.service.cda.CdaMetaDataFactory - Thu Jun 09 14:50:10 CEST 2016
12:00:33.445 [main] DEBUG io.oth.xdsgenerator.service.cda.CdaMetaDataFactory - da-DK
12:00:33.445 [main] DEBUG io.oth.xdsgenerator.service.cda.CdaMetaDataFactory - Olsen
12:00:33.445 [main] DEBUG io.oth.xdsgenerator.service.cda.CdaMetaDataFactory - Lars
12:00:33.445 [main] DEBUG io.oth.xdsgenerator.service.cda.CdaMetaDataFactory - io.oth.xdsgenerator.model.Code@e8e0dec
12:00:33.445 [main] DEBUG io.oth.xdsgenerator.service.cda.CdaMetaDataFactory - Thu Jun 09 12:10:10 CEST 2016
12:00:33.446 [main] DEBUG io.oth.xdsgenerator.service.cda.CdaMetaDataFactory - Thu Jun 09 12:30:10 CEST 2016
12:00:33.446 [main] DEBUG io.oth.xdsgenerator.service.cda.CdaMetaDataFactory - io.oth.xdsgenerator.model.Code@12d1f1d4
12:00:33.446 [main] DEBUG io.oth.xdsgenerator.service.cda.CdaMetaDataFactory - Berggren
12:00:33.446 [main] DEBUG io.oth.xdsgenerator.service.cda.CdaMetaDataFactory - Nancy
12:00:33.446 [main] DEBUG io.oth.xdsgenerator.service.cda.CdaMetaDataFactory - Sat Dec 25 00:00:00 CET 1948
12:00:33.446 [main] DEBUG io.oth.xdsgenerator.service.cda.CdaMetaDataFactory - F
12:00:33.446 [main] DEBUG io.oth.xdsgenerator.service.cda.CdaMetaDataFactory - Hjemmemonitorering for 2512489996
12:00:33.446 [main] DEBUG io.oth.xdsgenerator.service.cda.CdaMetaDataFactory - io.oth.xdsgenerator.model.Code@75fa1be3
12:00:33.446 [main] DEBUG io.oth.xdsgenerator.service.cda.CdaMetaDataFactory - Returning metadata mpa from document
12:00:33.446 [main] DEBUG io.oth.xdsgenerator.service.cda.CdaMetaDataFactory - After getMetadataFromDocument()
12:00:33.446 [main] DEBUG io.oth.xdsgenerator.service.cda.CdaMetaDataFactory - ClassCode is: io.oth.xdsgenerator.model.Code@2ab0702e
12:00:33.446 [main] DEBUG io.oth.xdsgenerator.service.cda.CdaMetaDataFactory - FormatCode is io.oth.xdsgenerator.model.Code@7158daf2
12:00:33.446 [main] DEBUG io.oth.xdsgenerator.service.cda.CdaMetaDataFactory - HealthcareFacilityTypeCode is: io.oth.xdsgenerator.model.Code@10f19647
12:00:33.446 [main] DEBUG io.oth.xdsgenerator.service.cda.CdaMetaDataFactory - SubmissionTime is: Mon May 22 12:00:33 CEST 2023
12:00:33.446 [main] DEBUG io.oth.xdsgenerator.service.cda.CdaMetaDataFactory - PracticeSettingCode is: null
12:00:33.446 [main] DEBUG io.oth.xdsgenerator.service.cda.CdaMetaDataFactory - MimeType is: text/xml
12:00:33.446 [main] DEBUG io.oth.xdsgenerator.service.cda.CdaMetaDataFactory - Availabilitystatus is: APPROVED
12:00:33.446 [main] DEBUG io.oth.xdsgenerator.service.cda.CdaMetaDataFactory - Objecttype is: STABLE
12:00:33.446 [main] INFO io.oth.xdsgenerator.service.cda.CdaMetaDataFactory - Unique ID: 021ba3bd-6935-45ca-bdcd-ed77f8b2ee2a^1.2.208.184
12:00:33.446 [main] DEBUG io.oth.xdsgenerator.service.cda.CdaMetaDataFactory - Returning from  cda metadata map
12:00:33.447 [main] DEBUG org.springframework.test.context.cache.DefaultCacheAwareContextLoaderDelegate - Retrieved ApplicationContext [1659840424] from cache with key [[MergedContextConfiguration@e70f13a testClass = CDAParserTest, locations = '{}', classes = '{class io.oth.xdsgenerator.service.TestConfiguration}', contextInitializerClasses = '[]', activeProfiles = '{}', propertySourceLocations = '{}', propertySourceProperties = '{}', contextCustomizers = set[org.springframework.boot.test.context.filter.ExcludeFilterContextCustomizer@74a6f9c1, org.springframework.boot.test.json.DuplicateJsonObjectContextCustomizerFactory$DuplicateJsonObjectContextCustomizer@63611043, org.springframework.boot.test.mock.mockito.MockitoContextCustomizer@0, org.springframework.boot.test.autoconfigure.actuate.metrics.MetricsExportContextCustomizerFactory$DisableMetricExportContextCustomizer@5ef5c734, org.springframework.boot.test.autoconfigure.properties.PropertyMappingContextCustomizer@0, org.springframework.boot.test.autoconfigure.web.servlet.WebDriverContextCustomizerFactory$Customizer@479460a6], contextLoader = 'org.springframework.test.context.support.DelegatingSmartContextLoader', parent = [null]]]
12:00:33.447 [main] DEBUG org.springframework.test.context.cache - Spring test ApplicationContext cache statistics: [DefaultContextCache@285f09de size = 1, maxSize = 32, parentContextCount = 0, hitCount = 27, missCount = 1]
[...]
12:00:33.452 [main] DEBUG org.springframework.test.context.cache.DefaultCacheAwareContextLoaderDelegate - Retrieved ApplicationContext [1659840424] from cache with key [[MergedContextConfiguration@e70f13a testClass = CDAParserTest, locations = '{}', classes = '{class io.oth.xdsgenerator.service.TestConfiguration}', contextInitializerClasses = '[]', activeProfiles = '{}', propertySourceLocations = '{}', propertySourceProperties = '{}', contextCustomizers = set[org.springframework.boot.test.context.filter.ExcludeFilterContextCustomizer@74a6f9c1, org.springframework.boot.test.json.DuplicateJsonObjectContextCustomizerFactory$DuplicateJsonObjectContextCustomizer@63611043, org.springframework.boot.test.mock.mockito.MockitoContextCustomizer@0, org.springframework.boot.test.autoconfigure.actuate.metrics.MetricsExportContextCustomizerFactory$DisableMetricExportContextCustomizer@5ef5c734, org.springframework.boot.test.autoconfigure.properties.PropertyMappingContextCustomizer@0, org.springframework.boot.test.autoconfigure.web.servlet.WebDriverContextCustomizerFactory$Customizer@479460a6], contextLoader = 'org.springframework.test.context.support.DelegatingSmartContextLoader', parent = [null]]]
12:00:33.452 [main] DEBUG org.springframework.test.context.cache - Spring test ApplicationContext cache statistics: [DefaultContextCache@285f09de size = 1, maxSize = 32, parentContextCount = 0, hitCount = 35, missCount = 1]
12:00:33.452 [main] DEBUG org.springframework.test.context.cache.DefaultCacheAwareContextLoaderDelegate - Retrieved ApplicationContext [1659840424] from cache with key [[MergedContextConfiguration@e70f13a testClass = CDAParserTest, locations = '{}', classes = '{class io.oth.xdsgenerator.service.TestConfiguration}', contextInitializerClasses = '[]', activeProfiles = '{}', propertySourceLocations = '{}', propertySourceProperties = '{}', contextCustomizers = set[org.springframework.boot.test.context.filter.ExcludeFilterContextCustomizer@74a6f9c1, org.springframework.boot.test.json.DuplicateJsonObjectContextCustomizerFactory$DuplicateJsonObjectContextCustomizer@63611043, org.springframework.boot.test.mock.mockito.MockitoContextCustomizer@0, org.springframework.boot.test.autoconfigure.actuate.metrics.MetricsExportContextCustomizerFactory$DisableMetricExportContextCustomizer@5ef5c734, org.springframework.boot.test.autoconfigure.properties.PropertyMappingContextCustomizer@0, org.springframework.boot.test.autoconfigure.web.servlet.WebDriverContextCustomizerFactory$Customizer@479460a6], contextLoader = 'org.springframework.test.context.support.DelegatingSmartContextLoader', parent = [null]]]
12:00:33.452 [main] DEBUG org.springframework.test.context.cache - Spring test ApplicationContext cache statistics: [DefaultContextCache@285f09de size = 1, maxSize = 32, parentContextCount = 0, hitCount = 36, missCount = 1]
12:00:33.453 [main] DEBUG org.springframework.test.context.cache.DefaultCacheAwareContextLoaderDelegate - Retrieved ApplicationContext [1659840424] from cache with key [[MergedContextConfiguration@e70f13a testClass = CDAParserTest, locations = '{}', classes = '{class io.oth.xdsgenerator.service.TestConfiguration}', contextInitializerClasses = '[]', activeProfiles = '{}', propertySourceLocations = '{}', propertySourceProperties = '{}', contextCustomizers = set[org.springframework.boot.test.context.filter.ExcludeFilterContextCustomizer@74a6f9c1, org.springframework.boot.test.json.DuplicateJsonObjectContextCustomizerFactory$DuplicateJsonObjectContextCustomizer@63611043, org.springframework.boot.test.mock.mockito.MockitoContextCustomizer@0, org.springframework.boot.test.autoconfigure.actuate.metrics.MetricsExportContextCustomizerFactory$DisableMetricExportContextCustomizer@5ef5c734, org.springframework.boot.test.autoconfigure.properties.PropertyMappingContextCustomizer@0, org.springframework.boot.test.autoconfigure.web.servlet.WebDriverContextCustomizerFactory$Customizer@479460a6], contextLoader = 'org.springframework.test.context.support.DelegatingSmartContextLoader', parent = [null]]]
12:00:33.453 [main] DEBUG org.springframework.test.context.cache - Spring test ApplicationContext cache statistics: [DefaultContextCache@285f09de size = 1, maxSize = 32, parentContextCount = 0, hitCount = 37, missCount = 1]
12:00:33.454 [main] INFO io.oth.xdsgenerator.service.cda.CdaMetaDataFactory - Starting cda metadata map
12:00:33.454 [main] INFO io.oth.xdsgenerator.service.cda.CdaMetaDataFactory - Transfering metadata - null null
12:00:33.454 [main] DEBUG io.oth.xdsgenerator.service.cda.CdaMetaDataFactory - ClassCode is: io.oth.xdsgenerator.model.Code@42714a7
12:00:33.454 [main] DEBUG io.oth.xdsgenerator.service.cda.CdaMetaDataFactory - FormatCode isio.oth.xdsgenerator.model.Code@19650aa6
12:00:33.454 [main] DEBUG io.oth.xdsgenerator.service.cda.CdaMetaDataFactory - HealthcareFacilityTypeCode is: io.oth.xdsgenerator.model.Code@3ce53f6a
12:00:33.455 [main] DEBUG io.oth.xdsgenerator.service.cda.CdaMetaDataFactory - SubmissionTime is: Mon May 22 12:00:33 CEST 2023
12:00:33.455 [main] DEBUG io.oth.xdsgenerator.service.cda.CdaMetaDataFactory - PracticeSettingCode is: null
12:00:33.455 [main] DEBUG io.oth.xdsgenerator.service.cda.CdaMetaDataFactory - MimeType is: text/xml
12:00:33.455 [main] DEBUG io.oth.xdsgenerator.service.cda.CdaMetaDataFactory - Availabilitystatus is: APPROVED
12:00:33.455 [main] DEBUG io.oth.xdsgenerator.service.cda.CdaMetaDataFactory - Objecttype is: STABLE
12:00:33.455 [main] DEBUG io.oth.xdsgenerator.service.cda.CdaMetaDataFactory - Starting metadata mpa from document
12:00:33.458 [main] DEBUG io.oth.xdsgenerator.service.cda.CdaMetaDataFactory - io.oth.xdsgenerator.model.Code@2d82408
12:00:33.458 [main] DEBUG io.oth.xdsgenerator.service.cda.CdaMetaDataFactory - Berggren
12:00:33.458 [main] DEBUG io.oth.xdsgenerator.service.cda.CdaMetaDataFactory - Nancy
12:00:33.458 [main] DEBUG io.oth.xdsgenerator.service.cda.CdaMetaDataFactory - io.oth.xdsgenerator.model.Code@3ee69ad8
12:00:33.458 [main] DEBUG io.oth.xdsgenerator.service.cda.CdaMetaDataFactory - Thu Jun 09 14:45:10 CEST 2016
12:00:33.458 [main] DEBUG io.oth.xdsgenerator.service.cda.CdaMetaDataFactory - da-DK
12:00:33.458 [main] DEBUG io.oth.xdsgenerator.service.cda.CdaMetaDataFactory - io.oth.xdsgenerator.model.Code@f679798
12:00:33.458 [main] DEBUG io.oth.xdsgenerator.service.cda.CdaMetaDataFactory - io.oth.xdsgenerator.model.Code@1a6cf771
12:00:33.458 [main] DEBUG io.oth.xdsgenerator.service.cda.CdaMetaDataFactory - Berggren
12:00:33.458 [main] DEBUG io.oth.xdsgenerator.service.cda.CdaMetaDataFactory - Nancy
12:00:33.458 [main] DEBUG io.oth.xdsgenerator.service.cda.CdaMetaDataFactory - Sat Dec 25 00:00:00 CET 1948
12:00:33.458 [main] DEBUG io.oth.xdsgenerator.service.cda.CdaMetaDataFactory - F
12:00:33.459 [main] DEBUG io.oth.xdsgenerator.service.cda.CdaMetaDataFactory - KOL spørgeskema
12:00:33.459 [main] DEBUG io.oth.xdsgenerator.service.cda.CdaMetaDataFactory - io.oth.xdsgenerator.model.Code@59d77850
12:00:33.459 [main] DEBUG io.oth.xdsgenerator.service.cda.CdaMetaDataFactory - Returning metadata mpa from document
12:00:33.459 [main] DEBUG io.oth.xdsgenerator.service.cda.CdaMetaDataFactory - After getMetadataFromDocument()
12:00:33.459 [main] DEBUG io.oth.xdsgenerator.service.cda.CdaMetaDataFactory - ClassCode is: io.oth.xdsgenerator.model.Code@42714a7
12:00:33.459 [main] DEBUG io.oth.xdsgenerator.service.cda.CdaMetaDataFactory - FormatCode is io.oth.xdsgenerator.model.Code@19650aa6
12:00:33.459 [main] DEBUG io.oth.xdsgenerator.service.cda.CdaMetaDataFactory - HealthcareFacilityTypeCode is: io.oth.xdsgenerator.model.Code@3ce53f6a
12:00:33.459 [main] DEBUG io.oth.xdsgenerator.service.cda.CdaMetaDataFactory - SubmissionTime is: Mon May 22 12:00:33 CEST 2023
12:00:33.459 [main] DEBUG io.oth.xdsgenerator.service.cda.CdaMetaDataFactory - PracticeSettingCode is: null
12:00:33.459 [main] DEBUG io.oth.xdsgenerator.service.cda.CdaMetaDataFactory - MimeType is: text/xml
12:00:33.459 [main] DEBUG io.oth.xdsgenerator.service.cda.CdaMetaDataFactory - Availabilitystatus is: APPROVED
12:00:33.459 [main] DEBUG io.oth.xdsgenerator.service.cda.CdaMetaDataFactory - Objecttype is: STABLE
12:00:33.459 [main] INFO io.oth.xdsgenerator.service.cda.CdaMetaDataFactory - Unique ID: edb802b0-2e36-11e6-bdf4-0800200c9a66^1.2.208.184
12:00:33.459 [main] DEBUG io.oth.xdsgenerator.service.cda.CdaMetaDataFactory - Returning from  cda metadata map
12:00:33.460 [main] DEBUG org.springframework.test.context.cache.DefaultCacheAwareContextLoaderDelegate - Retrieved ApplicationContext [1659840424] from cache with key [[MergedContextConfiguration@e70f13a testClass = CDAParserTest, locations = '{}', classes = '{class io.oth.xdsgenerator.service.TestConfiguration}', contextInitializerClasses = '[]', activeProfiles = '{}', propertySourceLocations = '{}', propertySourceProperties = '{}', contextCustomizers = set[org.springframework.boot.test.context.filter.ExcludeFilterContextCustomizer@74a6f9c1, org.springframework.boot.test.json.DuplicateJsonObjectContextCustomizerFactory$DuplicateJsonObjectContextCustomizer@63611043, org.springframework.boot.test.mock.mockito.MockitoContextCustomizer@0, org.springframework.boot.test.autoconfigure.actuate.metrics.MetricsExportContextCustomizerFactory$DisableMetricExportContextCustomizer@5ef5c734, org.springframework.boot.test.autoconfigure.properties.PropertyMappingContextCustomizer@0, org.springframework.boot.test.autoconfigure.web.servlet.WebDriverContextCustomizerFactory$Customizer@479460a6], contextLoader = 'org.springframework.test.context.support.DelegatingSmartContextLoader', parent = [null]]]
12:00:33.460 [main] DEBUG org.springframework.test.context.cache - Spring test ApplicationContext cache statistics: [DefaultContextCache@285f09de size = 1, maxSize = 32, parentContextCount = 0, hitCount = 38, missCount = 1]
12:00:33.461 [main] DEBUG org.springframework.test.context.cache.DefaultCacheAwareContextLoaderDelegate - Retrieved ApplicationContext [1659840424] from cache with key [[MergedContextConfiguration@e70f13a testClass = CDAParserTest, locations = '{}', classes = '{class io.oth.xdsgenerator.service.TestConfiguration}', contextInitializerClasses = '[]', activeProfiles = '{}', propertySourceLocations = '{}', propertySourceProperties = '{}', contextCustomizers = set[org.springframework.boot.test.context.filter.ExcludeFilterContextCustomizer@74a6f9c1, org.springframework.boot.test.json.DuplicateJsonObjectContextCustomizerFactory$DuplicateJsonObjectContextCustomizer@63611043, org.springframework.boot.test.mock.mockito.MockitoContextCustomizer@0, org.springframework.boot.test.autoconfigure.actuate.metrics.MetricsExportContextCustomizerFactory$DisableMetricExportContextCustomizer@5ef5c734, org.springframework.boot.test.autoconfigure.properties.PropertyMappingContextCustomizer@0, org.springframework.boot.test.autoconfigure.web.servlet.WebDriverContextCustomizerFactory$Customizer@479460a6], contextLoader = 'org.springframework.test.context.support.DelegatingSmartContextLoader', parent = [null]]]
12:00:33.461 [main] DEBUG org.springframework.test.context.cache - Spring test ApplicationContext cache statistics: [DefaultContextCache@285f09de size = 1, maxSize = 32, parentContextCount = 0, hitCount = 39, missCount = 1]
12:00:33.461 [main] DEBUG org.springframework.test.context.cache.DefaultCacheAwareContextLoaderDelegate - Retrieved ApplicationContext [1659840424] from cache with key [[MergedContextConfiguration@e70f13a testClass = CDAParserTest, locations = '{}', classes = '{class io.oth.xdsgenerator.service.TestConfiguration}', contextInitializerClasses = '[]', activeProfiles = '{}', propertySourceLocations = '{}', propertySourceProperties = '{}', contextCustomizers = set[org.springframework.boot.test.context.filter.ExcludeFilterContextCustomizer@74a6f9c1, org.springframework.boot.test.json.DuplicateJsonObjectContextCustomizerFactory$DuplicateJsonObjectContextCustomizer@63611043, org.springframework.boot.test.mock.mockito.MockitoContextCustomizer@0, org.springframework.boot.test.autoconfigure.actuate.metrics.MetricsExportContextCustomizerFactory$DisableMetricExportContextCustomizer@5ef5c734, org.springframework.boot.test.autoconfigure.properties.PropertyMappingContextCustomizer@0, org.springframework.boot.test.autoconfigure.web.servlet.WebDriverContextCustomizerFactory$Customizer@479460a6], contextLoader = 'org.springframework.test.context.support.DelegatingSmartContextLoader', parent = [null]]]
12:00:33.461 [main] DEBUG org.springframework.test.context.cache - Spring test ApplicationContext cache statistics: [DefaultContextCache@285f09de size = 1, maxSize = 32, parentContextCount = 0, hitCount = 40, missCount = 1]
12:00:33.461 [main] DEBUG org.springframework.test.context.cache.DefaultCacheAwareContextLoaderDelegate - Retrieved ApplicationContext [1659840424] from cache with key [[MergedContextConfiguration@e70f13a testClass = CDAParserTest, locations = '{}', classes = '{class io.oth.xdsgenerator.service.TestConfiguration}', contextInitializerClasses = '[]', activeProfiles = '{}', propertySourceLocations = '{}', propertySourceProperties = '{}', contextCustomizers = set[org.springframework.boot.test.context.filter.ExcludeFilterContextCustomizer@74a6f9c1, org.springframework.boot.test.json.DuplicateJsonObjectContextCustomizerFactory$DuplicateJsonObjectContextCustomizer@63611043, org.springframework.boot.test.mock.mockito.MockitoContextCustomizer@0, org.springframework.boot.test.autoconfigure.actuate.metrics.MetricsExportContextCustomizerFactory$DisableMetricExportContextCustomizer@5ef5c734, org.springframework.boot.test.autoconfigure.properties.PropertyMappingContextCustomizer@0, org.springframework.boot.test.autoconfigure.web.servlet.WebDriverContextCustomizerFactory$Customizer@479460a6], contextLoader = 'org.springframework.test.context.support.DelegatingSmartContextLoader', parent = [null]]]
12:00:33.461 [main] DEBUG org.springframework.test.context.cache - Spring test ApplicationContext cache statistics: [DefaultContextCache@285f09de size = 1, maxSize = 32, parentContextCount = 0, hitCount = 41, missCount = 1]
12:00:33.462 [main] DEBUG org.springframework.test.context.cache.DefaultCacheAwareContextLoaderDelegate - Retrieved ApplicationContext [1659840424] from cache with key [[MergedContextConfiguration@e70f13a testClass = CDAParserTest, locations = '{}', classes = '{class io.oth.xdsgenerator.service.TestConfiguration}', contextInitializerClasses = '[]', activeProfiles = '{}', propertySourceLocations = '{}', propertySourceProperties = '{}', contextCustomizers = set[org.springframework.boot.test.context.filter.ExcludeFilterContextCustomizer@74a6f9c1, org.springframework.boot.test.json.DuplicateJsonObjectContextCustomizerFactory$DuplicateJsonObjectContextCustomizer@63611043, org.springframework.boot.test.mock.mockito.MockitoContextCustomizer@0, org.springframework.boot.test.autoconfigure.actuate.metrics.MetricsExportContextCustomizerFactory$DisableMetricExportContextCustomizer@5ef5c734, org.springframework.boot.test.autoconfigure.properties.PropertyMappingContextCustomizer@0, org.springframework.boot.test.autoconfigure.web.servlet.WebDriverContextCustomizerFactory$Customizer@479460a6], contextLoader = 'org.springframework.test.context.support.DelegatingSmartContextLoader', parent = [null]]]
12:00:33.462 [main] DEBUG org.springframework.test.context.cache - Spring test ApplicationContext cache statistics: [DefaultContextCache@285f09de size = 1, maxSize = 32, parentContextCount = 0, hitCount = 42, missCount = 1]
12:00:33.462 [main] DEBUG org.springframework.test.context.cache.DefaultCacheAwareContextLoaderDelegate - Retrieved ApplicationContext [1659840424] from cache with key [[MergedContextConfiguration@e70f13a testClass = CDAParserTest, locations = '{}', classes = '{class io.oth.xdsgenerator.service.TestConfiguration}', contextInitializerClasses = '[]', activeProfiles = '{}', propertySourceLocations = '{}', propertySourceProperties = '{}', contextCustomizers = set[org.springframework.boot.test.context.filter.ExcludeFilterContextCustomizer@74a6f9c1, org.springframework.boot.test.json.DuplicateJsonObjectContextCustomizerFactory$DuplicateJsonObjectContextCustomizer@63611043, org.springframework.boot.test.mock.mockito.MockitoContextCustomizer@0, org.springframework.boot.test.autoconfigure.actuate.metrics.MetricsExportContextCustomizerFactory$DisableMetricExportContextCustomizer@5ef5c734, org.springframework.boot.test.autoconfigure.properties.PropertyMappingContextCustomizer@0, org.springframework.boot.test.autoconfigure.web.servlet.WebDriverContextCustomizerFactory$Customizer@479460a6], contextLoader = 'org.springframework.test.context.support.DelegatingSmartContextLoader', parent = [null]]]
12:00:33.463 [main] DEBUG org.springframework.test.context.cache - Spring test ApplicationContext cache statistics: [DefaultContextCache@285f09de size = 1, maxSize = 32, parentContextCount = 0, hitCount = 43, missCount = 1]
12:00:33.463 [main] DEBUG org.springframework.test.context.support.AbstractDirtiesContextTestExecutionListener - After test method: context [DefaultTestContext@2bd08376 testClass = CDAParserTest, testInstance = io.oth.xdsgenerator.service.cda.CDAParserTest@7a389761, testMethod = testCDA_QRD_KOL_Example_1_Matis@CDAParserTest, testException = [null], mergedContextConfiguration = [MergedContextConfiguration@e70f13a testClass = CDAParserTest, locations = '{}', classes = '{class io.oth.xdsgenerator.service.TestConfiguration}', contextInitializerClasses = '[]', activeProfiles = '{}', propertySourceLocations = '{}', propertySourceProperties = '{}', contextCustomizers = set[org.springframework.boot.test.context.filter.ExcludeFilterContextCustomizer@74a6f9c1, org.springframework.boot.test.json.DuplicateJsonObjectContextCustomizerFactory$DuplicateJsonObjectContextCustomizer@63611043, org.springframework.boot.test.mock.mockito.MockitoContextCustomizer@0, org.springframework.boot.test.autoconfigure.actuate.metrics.MetricsExportContextCustomizerFactory$DisableMetricExportContextCustomizer@5ef5c734, org.springframework.boot.test.autoconfigure.properties.PropertyMappingContextCustomizer@0, org.springframework.boot.test.autoconfigure.web.servlet.WebDriverContextCustomizerFactory$Customizer@479460a6], contextLoader = 'org.springframework.test.context.support.DelegatingSmartContextLoader', parent = [null]], attributes = map[[empty]]], class annotated with @DirtiesContext [false] with mode [null], method annotated with @DirtiesContext [false] with mode [null].
]]></system-out>
  </testcase>
</testsuite>