<?xml version="1.0" encoding="UTF-8"?>
<testsuite xmlns:xsi="http://www.w3.org/2001/XMLSchema-instance" xsi:noNamespaceSchemaLocation="https://maven.apache.org/surefire/maven-surefire-plugin/xsd/surefire-test-report-3.0.xsd" version="3.0" name="io.oth.xdsgenerator.model.kih.AddressPostalTest" time="0.009" tests="2" errors="0" skipped="0" failures="0">
  <properties>
[...]
</properties>
  <testcase name="TestJacksonMarshalling" classname="io.oth.xdsgenerator.model.kih.AddressPostalTest" time="0.007">
    <system-out><![CDATA[12:00:33.746 [main] INFO io.oth.xdsgenerator.model.kih.AddressPostalTest - Json Address{"MailDeliverySublocationIdentifier":null,"StreetName":"streetname","StreetNameForAddressingName":null,"StreetBuildingIdentifier":null,"FloorIdentifier":null,"SuiteIdentifier":null,"DistrictSubdivisionIdentifier":null,"PostOfficeBoxIdentifier":null,"CountryIdentificationCode":null,"DistrictName":null,"MunicipalityName":"by","PostCodeIdentifier":"3333","streetName":"streetname","streetBuildingIdentifier":null,"floorIdentifier":null,"suiteIdentifier":null,"districtName":null,"districtSubdivisionIdentifier":null,"postCodeIdentifier":"3333","municipalityName":"by","countryIdentificationCode":null,"mailDeliverySublocationIdentifier":null,"streetNameForAddressingName":null,"postOfficeBoxIdentifier":null}
]]></system-out>
  </testcase>
  <testcase name="TestJacksonUnmarshalling" classname="io.oth.xdsgenerator.model.kih.AddressPostalTest" time="0.001"/>
</testsuite>